[2m2021-11-18 12:55:45.093[0;39m [32m INFO[0;39m [35m5096[0;39m [2m---[0;39m [2m[  restartedMain][0;39m [36m.e.DevToolsPropertyDefaultsPostProcessor[0;39m [2m:[0;39m Devtools property defaults active! Set 'spring.devtools.add-properties' to 'false' to disable
[2m2021-11-18 12:55:45.096[0;39m [32m INFO[0;39m [35m5096[0;39m [2m---[0;39m [2m[  restartedMain][0;39m [36m.e.DevToolsPropertyDefaultsPostProcessor[0;39m [2m:[0;39m For additional web related logging consider setting the 'logging.level.web' property to 'DEBUG'
[2m2021-11-18 12:55:46.388[0;39m [32m INFO[0;39m [35m5096[0;39m [2m---[0;39m [2m[  restartedMain][0;39m [36mo.s.b.w.embedded.tomcat.TomcatWebServer [0;39m [2m:[0;39m Tomcat initialized with port(s): 9999 (http)
[2m2021-11-18 12:55:46.458[0;39m [32m INFO[0;39m [35m5096[0;39m [2m---[0;39m [2m[  restartedMain][0;39m [36mw.s.c.ServletWebServerApplicationContext[0;39m [2m:[0;39m Root WebApplicationContext: initialization completed in 1360 ms
[2m2021-11-18 12:55:47.135[0;39m [32m INFO[0;39m [35m5096[0;39m [2m---[0;39m [2m[  restartedMain][0;39m [36mo.s.b.d.a.OptionalLiveReloadServer      [0;39m [2m:[0;39m LiveReload server is running on port 35729
[2m2021-11-18 12:55:47.420[0;39m [32m INFO[0;39m [35m5096[0;39m [2m---[0;39m [2m[  restartedMain][0;39m [36mo.s.b.w.embedded.tomcat.TomcatWebServer [0;39m [2m:[0;39m Tomcat started on port(s): 9999 (http) with context path '/vue'
[2m2021-11-18 12:55:56.100[0;39m [32m INFO[0;39m [35m5096[0;39m [2m---[0;39m [2m[nio-9999-exec-1][0;39m [36mo.s.web.servlet.DispatcherServlet       [0;39m [2m:[0;39m Initializing Servlet 'dispatcherServlet'
[2m2021-11-18 12:55:56.102[0;39m [32m INFO[0;39m [35m5096[0;39m [2m---[0;39m [2m[nio-9999-exec-1][0;39m [36mo.s.web.servlet.DispatcherServlet       [0;39m [2m:[0;39m Completed initialization in 2 ms
[2m2021-11-18 12:55:56.150[0;39m [32m INFO[0;39m [35m5096[0;39m [2m---[0;39m [2m[nio-9999-exec-1][0;39m [36mc.s.vue.controller.QuestionController   [0;39m [2m:[0;39m listQuestion - 호출
[2m2021-11-18 12:56:06.860[0;39m [32m INFO[0;39m [35m5096[0;39m [2m---[0;39m [2m[nio-9999-exec-4][0;39m [36mc.s.vue.controller.QuestionController   [0;39m [2m:[0;39m writeQuestion - 호출
[2m2021-11-18 12:56:08.198[0;39m [32m INFO[0;39m [35m5096[0;39m [2m---[0;39m [2m[nio-9999-exec-5][0;39m [36mc.s.vue.controller.QuestionController   [0;39m [2m:[0;39m listQuestion - 호출
[2m2021-11-18 12:56:57.058[0;39m [32m INFO[0;39m [35m5096[0;39m [2m---[0;39m [2m[  restartedMain][0;39m [36mo.s.b.w.embedded.tomcat.TomcatWebServer [0;39m [2m:[0;39m Tomcat initialized with port(s): 9999 (http)
[2m2021-11-18 12:56:57.067[0;39m [32m INFO[0;39m [35m5096[0;39m [2m---[0;39m [2m[  restartedMain][0;39m [36mw.s.c.ServletWebServerApplicationContext[0;39m [2m:[0;39m Root WebApplicationContext: initialization completed in 318 ms
[2m2021-11-18 12:56:57.249[0;39m [32m INFO[0;39m [35m5096[0;39m [2m---[0;39m [2m[  restartedMain][0;39m [36mo.s.b.d.a.OptionalLiveReloadServer      [0;39m [2m:[0;39m LiveReload server is running on port 35729
[2m2021-11-18 12:56:57.301[0;39m [32m INFO[0;39m [35m5096[0;39m [2m---[0;39m [2m[  restartedMain][0;39m [36mo.s.b.w.embedded.tomcat.TomcatWebServer [0;39m [2m:[0;39m Tomcat started on port(s): 9999 (http) with context path '/vue'
[2m2021-11-18 12:56:57.406[0;39m [32m INFO[0;39m [35m5096[0;39m [2m---[0;39m [2m[  restartedMain][0;39m [36m.ConditionEvaluationDeltaLoggingListener[0;39m [2m:[0;39m Condition evaluation unchanged
[2m2021-11-18 12:57:12.229[0;39m [32m INFO[0;39m [35m5096[0;39m [2m---[0;39m [2m[on(2)-127.0.0.1][0;39m [36minMXBeanRegistrar$SpringApplicationAdmin[0;39m [2m:[0;39m Application shutdown requested.
[2m2021-11-18 12:57:52.499[0;39m [32m INFO[0;39m [35m2632[0;39m [2m---[0;39m [2m[  restartedMain][0;39m [36m.e.DevToolsPropertyDefaultsPostProcessor[0;39m [2m:[0;39m Devtools property defaults active! Set 'spring.devtools.add-properties' to 'false' to disable
[2m2021-11-18 12:57:52.502[0;39m [32m INFO[0;39m [35m2632[0;39m [2m---[0;39m [2m[  restartedMain][0;39m [36m.e.DevToolsPropertyDefaultsPostProcessor[0;39m [2m:[0;39m For additional web related logging consider setting the 'logging.level.web' property to 'DEBUG'
[2m2021-11-18 12:57:53.532[0;39m [32m INFO[0;39m [35m2632[0;39m [2m---[0;39m [2m[  restartedMain][0;39m [36mo.s.b.w.embedded.tomcat.TomcatWebServer [0;39m [2m:[0;39m Tomcat initialized with port(s): 9999 (http)
[2m2021-11-18 12:57:53.587[0;39m [32m INFO[0;39m [35m2632[0;39m [2m---[0;39m [2m[  restartedMain][0;39m [36mw.s.c.ServletWebServerApplicationContext[0;39m [2m:[0;39m Root WebApplicationContext: initialization completed in 1084 ms
[2m2021-11-18 12:57:54.156[0;39m [32m INFO[0;39m [35m2632[0;39m [2m---[0;39m [2m[  restartedMain][0;39m [36mo.s.b.d.a.OptionalLiveReloadServer      [0;39m [2m:[0;39m LiveReload server is running on port 35729
[2m2021-11-18 12:57:54.378[0;39m [32m INFO[0;39m [35m2632[0;39m [2m---[0;39m [2m[  restartedMain][0;39m [36mo.s.b.w.embedded.tomcat.TomcatWebServer [0;39m [2m:[0;39m Tomcat started on port(s): 9999 (http) with context path '/vue'
[2m2021-11-18 12:58:01.107[0;39m [32m INFO[0;39m [35m2632[0;39m [2m---[0;39m [2m[nio-9999-exec-1][0;39m [36mo.s.web.servlet.DispatcherServlet       [0;39m [2m:[0;39m Initializing Servlet 'dispatcherServlet'
[2m2021-11-18 12:58:01.111[0;39m [32m INFO[0;39m [35m2632[0;39m [2m---[0;39m [2m[nio-9999-exec-1][0;39m [36mo.s.web.servlet.DispatcherServlet       [0;39m [2m:[0;39m Completed initialization in 3 ms
[2m2021-11-18 12:58:01.140[0;39m [32m INFO[0;39m [35m2632[0;39m [2m---[0;39m [2m[nio-9999-exec-1][0;39m [36mc.s.vue.controller.HouseMapController   [0;39m [2m:[0;39m sido - 호출
[2m2021-11-18 12:58:02.503[0;39m [32m INFO[0;39m [35m2632[0;39m [2m---[0;39m [2m[nio-9999-exec-2][0;39m [36mc.s.vue.controller.HouseMapController   [0;39m [2m:[0;39m gugun - 호출
[2m2021-11-18 12:58:07.229[0;39m [32m INFO[0;39m [35m2632[0;39m [2m---[0;39m [2m[nio-9999-exec-4][0;39m [36mc.s.vue.controller.QuestionController   [0;39m [2m:[0;39m listQuestion - 호출
[2m2021-11-18 12:58:14.522[0;39m [32m INFO[0;39m [35m2632[0;39m [2m---[0;39m [2m[nio-9999-exec-5][0;39m [36mc.s.vue.controller.QuestionController   [0;39m [2m:[0;39m writeQuestion - 호출
[2m2021-11-18 12:58:15.590[0;39m [32m INFO[0;39m [35m2632[0;39m [2m---[0;39m [2m[nio-9999-exec-6][0;39m [36mc.s.vue.controller.QuestionController   [0;39m [2m:[0;39m listQuestion - 호출
[2m2021-11-18 12:58:33.005[0;39m [32m INFO[0;39m [35m2632[0;39m [2m---[0;39m [2m[nio-9999-exec-8][0;39m [36mc.s.vue.controller.HouseMapController   [0;39m [2m:[0;39m sido - 호출
[2m2021-11-18 12:58:34.128[0;39m [32m INFO[0;39m [35m2632[0;39m [2m---[0;39m [2m[nio-9999-exec-9][0;39m [36mc.s.vue.controller.HouseMapController   [0;39m [2m:[0;39m gugun - 호출
[2m2021-11-18 12:58:39.368[0;39m [32m INFO[0;39m [35m2632[0;39m [2m---[0;39m [2m[nio-9999-exec-1][0;39m [36mc.s.vue.controller.HouseMapController   [0;39m [2m:[0;39m gugun - 호출
[2m2021-11-18 12:58:41.357[0;39m [32m INFO[0;39m [35m2632[0;39m [2m---[0;39m [2m[nio-9999-exec-2][0;39m [36mc.ssafy.vue.controller.BoardController  [0;39m [2m:[0;39m listArticle - 호출
[2m2021-11-18 12:58:50.883[0;39m [32m INFO[0;39m [35m2632[0;39m [2m---[0;39m [2m[nio-9999-exec-5][0;39m [36mc.ssafy.vue.controller.BoardController  [0;39m [2m:[0;39m writeArticle - 호출
[2m2021-11-18 12:58:51.717[0;39m [32m INFO[0;39m [35m2632[0;39m [2m---[0;39m [2m[nio-9999-exec-6][0;39m [36mc.ssafy.vue.controller.BoardController  [0;39m [2m:[0;39m listArticle - 호출
[2m2021-11-18 12:58:54.927[0;39m [32m INFO[0;39m [35m2632[0;39m [2m---[0;39m [2m[nio-9999-exec-7][0;39m [36mc.s.vue.controller.HouseMapController   [0;39m [2m:[0;39m sido - 호출
[2m2021-11-18 12:58:56.209[0;39m [32m INFO[0;39m [35m2632[0;39m [2m---[0;39m [2m[nio-9999-exec-8][0;39m [36mc.s.vue.controller.HouseMapController   [0;39m [2m:[0;39m gugun - 호출
[2m2021-11-18 12:59:00.358[0;39m [32m INFO[0;39m [35m2632[0;39m [2m---[0;39m [2m[io-9999-exec-10][0;39m [36mc.s.vue.controller.HouseMapController   [0;39m [2m:[0;39m gugun - 호출
[2m2021-11-18 12:59:08.285[0;39m [32m INFO[0;39m [35m2632[0;39m [2m---[0;39m [2m[nio-9999-exec-2][0;39m [36mc.s.vue.controller.QuestionController   [0;39m [2m:[0;39m listQuestion - 호출
[2m2021-11-18 12:59:11.663[0;39m [32mDEBUG[0;39m [35m2632[0;39m [2m---[0;39m [2m[nio-9999-exec-4][0;39m [36mc.s.vue.controller.AnswerRestController [0;39m [2m:[0;39m listAnswer - 호출
[2m2021-11-18 12:59:11.664[0;39m [32m INFO[0;39m [35m2632[0;39m [2m---[0;39m [2m[nio-9999-exec-3][0;39m [36mc.s.vue.controller.QuestionController   [0;39m [2m:[0;39m getQuestion - 호출 : 2
[2m2021-11-18 12:59:13.281[0;39m [32m INFO[0;39m [35m2632[0;39m [2m---[0;39m [2m[nio-9999-exec-5][0;39m [36mc.s.vue.controller.QuestionController   [0;39m [2m:[0;39m getQuestion - 호출 : 2
[2m2021-11-18 12:59:15.701[0;39m [32mDEBUG[0;39m [35m2632[0;39m [2m---[0;39m [2m[nio-9999-exec-7][0;39m [36mc.s.vue.controller.AnswerRestController [0;39m [2m:[0;39m createAnswer - 호출
[2m2021-11-18 12:59:16.761[0;39m [32m INFO[0;39m [35m2632[0;39m [2m---[0;39m [2m[nio-9999-exec-8][0;39m [36mc.s.vue.controller.QuestionController   [0;39m [2m:[0;39m listQuestion - 호출
[2m2021-11-18 12:59:18.012[0;39m [32m INFO[0;39m [35m2632[0;39m [2m---[0;39m [2m[nio-9999-exec-1][0;39m [36mc.s.vue.controller.QuestionController   [0;39m [2m:[0;39m getQuestion - 호출 : 2
[2m2021-11-18 12:59:18.012[0;39m [32mDEBUG[0;39m [35m2632[0;39m [2m---[0;39m [2m[nio-9999-exec-2][0;39m [36mc.s.vue.controller.AnswerRestController [0;39m [2m:[0;39m listAnswer - 호출
[2m2021-11-18 12:59:18.037[0;39m [32mDEBUG[0;39m [35m2632[0;39m [2m---[0;39m [2m[nio-9999-exec-3][0;39m [36mc.s.v.controller.CommentRestController  [0;39m [2m:[0;39m listComment - 호출
[2m2021-11-18 12:59:22.821[0;39m [32mDEBUG[0;39m [35m2632[0;39m [2m---[0;39m [2m[nio-9999-exec-5][0;39m [36mc.s.v.controller.CommentRestController  [0;39m [2m:[0;39m createComment - 호출
[2m2021-11-18 12:59:22.835[0;39m [32mDEBUG[0;39m [35m2632[0;39m [2m---[0;39m [2m[nio-9999-exec-6][0;39m [36mc.s.v.controller.CommentRestController  [0;39m [2m:[0;39m listComment - 호출
[2m2021-11-18 12:59:26.030[0;39m [32mDEBUG[0;39m [35m2632[0;39m [2m---[0;39m [2m[nio-9999-exec-7][0;39m [36mc.s.v.controller.CommentRestController  [0;39m [2m:[0;39m createComment - 호출
[2m2021-11-18 12:59:26.048[0;39m [32mDEBUG[0;39m [35m2632[0;39m [2m---[0;39m [2m[nio-9999-exec-8][0;39m [36mc.s.v.controller.CommentRestController  [0;39m [2m:[0;39m listComment - 호출
[2m2021-11-18 13:02:39.560[0;39m [32m INFO[0;39m [35m2632[0;39m [2m---[0;39m [2m[nio-9999-exec-2][0;39m [36mc.s.vue.controller.HouseMapController   [0;39m [2m:[0;39m sido - 호출
[2m2021-11-18 13:04:06.354[0;39m [32m INFO[0;39m [35m2632[0;39m [2m---[0;39m [2m[nio-9999-exec-3][0;39m [36mc.s.vue.controller.HouseMapController   [0;39m [2m:[0;39m gugun - 호출
[2m2021-11-18 13:08:54.441[0;39m [32m INFO[0;39m [35m2632[0;39m [2m---[0;39m [2m[nio-9999-exec-5][0;39m [36mc.s.vue.controller.HouseMapController   [0;39m [2m:[0;39m sido - 호출
[2m2021-11-18 13:09:28.163[0;39m [32m INFO[0;39m [35m2632[0;39m [2m---[0;39m [2m[nio-9999-exec-7][0;39m [36mc.s.vue.controller.HouseMapController   [0;39m [2m:[0;39m gugun - 호출
[2m2021-11-18 13:11:09.428[0;39m [32m INFO[0;39m [35m2632[0;39m [2m---[0;39m [2m[nio-9999-exec-9][0;39m [36mc.s.vue.controller.HouseMapController   [0;39m [2m:[0;39m sido - 호출
[2m2021-11-18 13:11:10.688[0;39m [32m INFO[0;39m [35m2632[0;39m [2m---[0;39m [2m[io-9999-exec-10][0;39m [36mc.s.vue.controller.HouseMapController   [0;39m [2m:[0;39m gugun - 호출
[2m2021-11-18 13:13:45.284[0;39m [32m INFO[0;39m [35m2632[0;39m [2m---[0;39m [2m[on(2)-127.0.0.1][0;39m [36minMXBeanRegistrar$SpringApplicationAdmin[0;39m [2m:[0;39m Application shutdown requested.
