[2m2021-11-23 09:10:37.206[0;39m [33m WARN[0;39m [35m22948[0;39m [2m---[0;39m [2m[l-1 housekeeper][0;39m [36mcom.zaxxer.hikari.pool.HikariPool       [0;39m [2m:[0;39m HikariPool-1 - Thread starvation or clock leap detected (housekeeper delta=10h11m43s433ms838µs500ns).
[2m2021-11-23 09:52:36.585[0;39m [32m INFO[0;39m [35m22948[0;39m [2m---[0;39m [2m[io-9999-exec-10][0;39m [36mc.s.vue.controller.HouseMapController   [0;39m [2m:[0;39m sido - 호출
[2m2021-11-23 09:52:39.316[0;39m [32m INFO[0;39m [35m22948[0;39m [2m---[0;39m [2m[nio-9999-exec-1][0;39m [36mc.s.vue.controller.HouseMapController   [0;39m [2m:[0;39m gugun - 호출
[2m2021-11-23 10:08:10.227[0;39m [32m INFO[0;39m [35m22948[0;39m [2m---[0;39m [2m[nio-9999-exec-3][0;39m [36mc.s.vue.controller.HouseMapController   [0;39m [2m:[0;39m sido - 호출
[2m2021-11-23 10:08:13.799[0;39m [32m INFO[0;39m [35m22948[0;39m [2m---[0;39m [2m[nio-9999-exec-5][0;39m [36mc.s.vue.controller.HouseMapController   [0;39m [2m:[0;39m gugun - 호출
[2m2021-11-23 10:22:43.794[0;39m [32m INFO[0;39m [35m22948[0;39m [2m---[0;39m [2m[nio-9999-exec-7][0;39m [36mc.s.vue.controller.HouseMapController   [0;39m [2m:[0;39m sido - 호출
[2m2021-11-23 10:41:12.955[0;39m [32m INFO[0;39m [35m22948[0;39m [2m---[0;39m [2m[nio-9999-exec-9][0;39m [36mc.s.vue.controller.HouseMapController   [0;39m [2m:[0;39m sido - 호출
[2m2021-11-23 10:41:14.422[0;39m [32m INFO[0;39m [35m22948[0;39m [2m---[0;39m [2m[nio-9999-exec-1][0;39m [36mc.s.vue.controller.HouseMapController   [0;39m [2m:[0;39m gugun - 호출
[2m2021-11-23 10:41:28.472[0;39m [32m INFO[0;39m [35m22948[0;39m [2m---[0;39m [2m[nio-9999-exec-3][0;39m [36mc.s.vue.controller.HouseMapController   [0;39m [2m:[0;39m sido - 호출
[2m2021-11-23 10:41:35.946[0;39m [32m INFO[0;39m [35m22948[0;39m [2m---[0;39m [2m[nio-9999-exec-5][0;39m [36mc.s.vue.controller.HouseMapController   [0;39m [2m:[0;39m sido - 호출
[2m2021-11-23 10:42:22.141[0;39m [32m INFO[0;39m [35m22948[0;39m [2m---[0;39m [2m[nio-9999-exec-7][0;39m [36mc.s.vue.controller.HouseMapController   [0;39m [2m:[0;39m sido - 호출
[2m2021-11-23 10:42:24.524[0;39m [32m INFO[0;39m [35m22948[0;39m [2m---[0;39m [2m[nio-9999-exec-9][0;39m [36mc.s.vue.controller.HouseMapController   [0;39m [2m:[0;39m gugun - 호출
[2m2021-11-23 10:43:27.161[0;39m [32m INFO[0;39m [35m22948[0;39m [2m---[0;39m [2m[nio-9999-exec-1][0;39m [36mc.s.vue.controller.HouseMapController   [0;39m [2m:[0;39m sido - 호출
[2m2021-11-23 10:43:33.298[0;39m [32m INFO[0;39m [35m22948[0;39m [2m---[0;39m [2m[nio-9999-exec-3][0;39m [36mc.s.vue.controller.HouseMapController   [0;39m [2m:[0;39m sido - 호출
[2m2021-11-23 10:43:34.576[0;39m [32m INFO[0;39m [35m22948[0;39m [2m---[0;39m [2m[nio-9999-exec-4][0;39m [36mc.s.vue.controller.HouseMapController   [0;39m [2m:[0;39m gugun - 호출
[2m2021-11-23 12:05:40.719[0;39m [32m INFO[0;39m [35m22948[0;39m [2m---[0;39m [2m[nio-9999-exec-6][0;39m [36mc.s.vue.controller.HouseMapController   [0;39m [2m:[0;39m sido - 호출
[2m2021-11-23 12:05:40.832[0;39m [32m INFO[0;39m [35m22948[0;39m [2m---[0;39m [2m[nio-9999-exec-7][0;39m [36mc.s.vue.controller.HouseMapController   [0;39m [2m:[0;39m sido - 호출
[2m2021-11-23 12:05:41.117[0;39m [32m INFO[0;39m [35m22948[0;39m [2m---[0;39m [2m[nio-9999-exec-8][0;39m [36mc.s.vue.controller.HouseMapController   [0;39m [2m:[0;39m sido - 호출
[2m2021-11-23 12:05:41.357[0;39m [32m INFO[0;39m [35m22948[0;39m [2m---[0;39m [2m[nio-9999-exec-9][0;39m [36mc.s.vue.controller.HouseMapController   [0;39m [2m:[0;39m sido - 호출
[2m2021-11-23 12:05:41.415[0;39m [32m INFO[0;39m [35m22948[0;39m [2m---[0;39m [2m[io-9999-exec-10][0;39m [36mc.s.vue.controller.HouseMapController   [0;39m [2m:[0;39m sido - 호출
[2m2021-11-23 12:05:41.518[0;39m [32m INFO[0;39m [35m22948[0;39m [2m---[0;39m [2m[nio-9999-exec-1][0;39m [36mc.s.vue.controller.HouseMapController   [0;39m [2m:[0;39m sido - 호출
[2m2021-11-23 12:05:48.455[0;39m [32m INFO[0;39m [35m22948[0;39m [2m---[0;39m [2m[nio-9999-exec-2][0;39m [36mc.s.vue.controller.HouseMapController   [0;39m [2m:[0;39m sido - 호출
[2m2021-11-23 12:05:50.332[0;39m [32m INFO[0;39m [35m22948[0;39m [2m---[0;39m [2m[nio-9999-exec-3][0;39m [36mc.s.vue.controller.HouseMapController   [0;39m [2m:[0;39m gugun - 호출
[2m2021-11-23 12:07:22.218[0;39m [32m INFO[0;39m [35m22948[0;39m [2m---[0;39m [2m[nio-9999-exec-5][0;39m [36mc.s.vue.controller.HouseMapController   [0;39m [2m:[0;39m sido - 호출
[2m2021-11-23 12:07:30.257[0;39m [32m INFO[0;39m [35m22948[0;39m [2m---[0;39m [2m[nio-9999-exec-7][0;39m [36mc.s.vue.controller.HouseMapController   [0;39m [2m:[0;39m sido - 호출
[2m2021-11-23 12:07:31.781[0;39m [32m INFO[0;39m [35m22948[0;39m [2m---[0;39m [2m[nio-9999-exec-8][0;39m [36mc.s.vue.controller.HouseMapController   [0;39m [2m:[0;39m gugun - 호출
[2m2021-11-23 12:10:26.585[0;39m [32m INFO[0;39m [35m22948[0;39m [2m---[0;39m [2m[io-9999-exec-10][0;39m [36mc.s.vue.controller.HouseMapController   [0;39m [2m:[0;39m sido - 호출
[2m2021-11-23 12:10:27.931[0;39m [32m INFO[0;39m [35m22948[0;39m [2m---[0;39m [2m[nio-9999-exec-1][0;39m [36mc.s.vue.controller.HouseMapController   [0;39m [2m:[0;39m gugun - 호출
[2m2021-11-23 12:10:40.941[0;39m [32m INFO[0;39m [35m22948[0;39m [2m---[0;39m [2m[nio-9999-exec-3][0;39m [36mc.s.vue.controller.HouseMapController   [0;39m [2m:[0;39m sido - 호출
[2m2021-11-23 12:10:46.225[0;39m [32m INFO[0;39m [35m22948[0;39m [2m---[0;39m [2m[nio-9999-exec-4][0;39m [36mc.s.vue.controller.HouseMapController   [0;39m [2m:[0;39m sido - 호출
[2m2021-11-23 12:13:58.285[0;39m [32m INFO[0;39m [35m22948[0;39m [2m---[0;39m [2m[nio-9999-exec-6][0;39m [36mc.s.vue.controller.HouseMapController   [0;39m [2m:[0;39m sido - 호출
[2m2021-11-23 12:13:59.478[0;39m [32m INFO[0;39m [35m22948[0;39m [2m---[0;39m [2m[nio-9999-exec-7][0;39m [36mc.s.vue.controller.HouseMapController   [0;39m [2m:[0;39m gugun - 호출
[2m2021-11-23 12:14:30.298[0;39m [32m INFO[0;39m [35m22948[0;39m [2m---[0;39m [2m[nio-9999-exec-9][0;39m [36mc.s.vue.controller.HouseMapController   [0;39m [2m:[0;39m sido - 호출
[2m2021-11-23 12:14:33.208[0;39m [32m INFO[0;39m [35m22948[0;39m [2m---[0;39m [2m[nio-9999-exec-1][0;39m [36mc.s.vue.controller.HouseMapController   [0;39m [2m:[0;39m gugun - 호출
[2m2021-11-23 12:16:28.591[0;39m [32m INFO[0;39m [35m22948[0;39m [2m---[0;39m [2m[nio-9999-exec-3][0;39m [36mc.s.vue.controller.HouseMapController   [0;39m [2m:[0;39m gugun - 호출
[2m2021-11-23 12:16:30.633[0;39m [32m INFO[0;39m [35m22948[0;39m [2m---[0;39m [2m[nio-9999-exec-4][0;39m [36mc.s.vue.controller.HouseMapController   [0;39m [2m:[0;39m gugun - 호출
[2m2021-11-23 12:16:55.423[0;39m [32m INFO[0;39m [35m22948[0;39m [2m---[0;39m [2m[nio-9999-exec-6][0;39m [36mc.s.vue.controller.HouseMapController   [0;39m [2m:[0;39m gugun - 호출
[2m2021-11-23 12:18:47.681[0;39m [32m INFO[0;39m [35m22948[0;39m [2m---[0;39m [2m[nio-9999-exec-8][0;39m [36mc.s.vue.controller.HouseMapController   [0;39m [2m:[0;39m sido - 호출
[2m2021-11-23 12:18:50.282[0;39m [32m INFO[0;39m [35m22948[0;39m [2m---[0;39m [2m[nio-9999-exec-9][0;39m [36mc.s.vue.controller.HouseMapController   [0;39m [2m:[0;39m gugun - 호출
[2m2021-11-23 13:31:04.577[0;39m [32m INFO[0;39m [35m22948[0;39m [2m---[0;39m [2m[nio-9999-exec-1][0;39m [36mc.s.vue.controller.HouseMapController   [0;39m [2m:[0;39m gugun - 호출
[2m2021-11-23 13:31:09.649[0;39m [32m INFO[0;39m [35m22948[0;39m [2m---[0;39m [2m[nio-9999-exec-2][0;39m [36mc.s.vue.controller.HouseMapController   [0;39m [2m:[0;39m sido - 호출
[2m2021-11-23 13:31:11.321[0;39m [32m INFO[0;39m [35m22948[0;39m [2m---[0;39m [2m[nio-9999-exec-3][0;39m [36mc.s.vue.controller.HouseMapController   [0;39m [2m:[0;39m gugun - 호출
[2m2021-11-23 13:31:20.794[0;39m [32m INFO[0;39m [35m22948[0;39m [2m---[0;39m [2m[nio-9999-exec-5][0;39m [36mc.s.vue.controller.HouseMapController   [0;39m [2m:[0;39m gugun - 호출
[2m2021-11-23 13:31:34.701[0;39m [32m INFO[0;39m [35m22948[0;39m [2m---[0;39m [2m[nio-9999-exec-7][0;39m [36mc.s.vue.controller.HouseMapController   [0;39m [2m:[0;39m gugun - 호출
[2m2021-11-23 13:31:55.078[0;39m [32m INFO[0;39m [35m22948[0;39m [2m---[0;39m [2m[nio-9999-exec-9][0;39m [36mc.s.vue.controller.HouseMapController   [0;39m [2m:[0;39m gugun - 호출
[2m2021-11-23 13:32:15.876[0;39m [32m INFO[0;39m [35m22948[0;39m [2m---[0;39m [2m[nio-9999-exec-1][0;39m [36mc.s.vue.controller.HouseMapController   [0;39m [2m:[0;39m gugun - 호출
[2m2021-11-23 13:33:09.645[0;39m [32m INFO[0;39m [35m22948[0;39m [2m---[0;39m [2m[nio-9999-exec-3][0;39m [36mc.s.vue.controller.HouseMapController   [0;39m [2m:[0;39m gugun - 호출
[2m2021-11-23 13:36:44.860[0;39m [32m INFO[0;39m [35m22948[0;39m [2m---[0;39m [2m[nio-9999-exec-5][0;39m [36mc.s.vue.controller.HouseMapController   [0;39m [2m:[0;39m sido - 호출
[2m2021-11-23 13:36:50.447[0;39m [32m INFO[0;39m [35m22948[0;39m [2m---[0;39m [2m[nio-9999-exec-6][0;39m [36mc.s.vue.controller.HouseMapController   [0;39m [2m:[0;39m sido - 호출
[2m2021-11-23 13:36:54.612[0;39m [32m INFO[0;39m [35m22948[0;39m [2m---[0;39m [2m[nio-9999-exec-8][0;39m [36mc.s.vue.controller.HouseMapController   [0;39m [2m:[0;39m sido - 호출
[2m2021-11-23 13:36:56.705[0;39m [32m INFO[0;39m [35m22948[0;39m [2m---[0;39m [2m[nio-9999-exec-9][0;39m [36mc.s.vue.controller.HouseMapController   [0;39m [2m:[0;39m gugun - 호출
[2m2021-11-23 13:37:08.375[0;39m [32m INFO[0;39m [35m22948[0;39m [2m---[0;39m [2m[nio-9999-exec-1][0;39m [36mc.s.vue.controller.HouseMapController   [0;39m [2m:[0;39m gugun - 호출
[2m2021-11-23 13:37:40.273[0;39m [32m INFO[0;39m [35m22948[0;39m [2m---[0;39m [2m[nio-9999-exec-3][0;39m [36mc.s.vue.controller.HouseMapController   [0;39m [2m:[0;39m gugun - 호출
[2m2021-11-23 13:37:57.771[0;39m [32m INFO[0;39m [35m22948[0;39m [2m---[0;39m [2m[nio-9999-exec-5][0;39m [36mc.s.vue.controller.HouseMapController   [0;39m [2m:[0;39m gugun - 호출
[2m2021-11-23 13:41:27.074[0;39m [32m INFO[0;39m [35m22948[0;39m [2m---[0;39m [2m[nio-9999-exec-7][0;39m [36mc.s.vue.controller.HouseMapController   [0;39m [2m:[0;39m sido - 호출
[2m2021-11-23 13:41:27.152[0;39m [32m INFO[0;39m [35m22948[0;39m [2m---[0;39m [2m[nio-9999-exec-8][0;39m [36mc.s.vue.controller.HouseMapController   [0;39m [2m:[0;39m sido - 호출
[2m2021-11-23 13:41:31.012[0;39m [32m INFO[0;39m [35m22948[0;39m [2m---[0;39m [2m[nio-9999-exec-9][0;39m [36mc.s.vue.controller.HouseMapController   [0;39m [2m:[0;39m sido - 호출
[2m2021-11-23 13:41:33.886[0;39m [32m INFO[0;39m [35m22948[0;39m [2m---[0;39m [2m[nio-9999-exec-1][0;39m [36mc.s.vue.controller.HouseMapController   [0;39m [2m:[0;39m gugun - 호출
[2m2021-11-23 13:41:51.122[0;39m [32m INFO[0;39m [35m22948[0;39m [2m---[0;39m [2m[nio-9999-exec-3][0;39m [36mc.s.vue.controller.HouseMapController   [0;39m [2m:[0;39m sido - 호출
[2m2021-11-23 13:41:58.593[0;39m [32m INFO[0;39m [35m22948[0;39m [2m---[0;39m [2m[nio-9999-exec-5][0;39m [36mc.s.vue.controller.HouseMapController   [0;39m [2m:[0;39m sido - 호출
[2m2021-11-23 13:42:03.802[0;39m [32m INFO[0;39m [35m22948[0;39m [2m---[0;39m [2m[nio-9999-exec-7][0;39m [36mc.s.vue.controller.HouseMapController   [0;39m [2m:[0;39m sido - 호출
[2m2021-11-23 13:42:26.335[0;39m [32m INFO[0;39m [35m22948[0;39m [2m---[0;39m [2m[nio-9999-exec-9][0;39m [36mc.s.vue.controller.HouseMapController   [0;39m [2m:[0;39m sido - 호출
[2m2021-11-23 13:42:27.264[0;39m [32m INFO[0;39m [35m22948[0;39m [2m---[0;39m [2m[io-9999-exec-10][0;39m [36mc.s.vue.controller.HouseMapController   [0;39m [2m:[0;39m sido - 호출
[2m2021-11-23 13:42:39.478[0;39m [32m INFO[0;39m [35m22948[0;39m [2m---[0;39m [2m[nio-9999-exec-2][0;39m [36mc.s.vue.controller.HouseMapController   [0;39m [2m:[0;39m gugun - 호출
[2m2021-11-23 13:48:47.679[0;39m [32m INFO[0;39m [35m22948[0;39m [2m---[0;39m [2m[nio-9999-exec-4][0;39m [36mc.s.vue.controller.HouseMapController   [0;39m [2m:[0;39m sido - 호출
[2m2021-11-23 13:48:49.970[0;39m [32m INFO[0;39m [35m22948[0;39m [2m---[0;39m [2m[nio-9999-exec-6][0;39m [36mc.s.vue.controller.HouseMapController   [0;39m [2m:[0;39m gugun - 호출
[2m2021-11-23 13:48:53.160[0;39m [32m INFO[0;39m [35m22948[0;39m [2m---[0;39m [2m[nio-9999-exec-7][0;39m [36mc.s.vue.controller.HouseMapController   [0;39m [2m:[0;39m gugun - 호출
[2m2021-11-23 13:49:25.434[0;39m [32m INFO[0;39m [35m22948[0;39m [2m---[0;39m [2m[nio-9999-exec-9][0;39m [36mc.s.vue.controller.HouseMapController   [0;39m [2m:[0;39m gugun - 호출
[2m2021-11-23 13:50:25.526[0;39m [32m INFO[0;39m [35m22948[0;39m [2m---[0;39m [2m[nio-9999-exec-1][0;39m [36mc.s.vue.controller.HouseMapController   [0;39m [2m:[0;39m sido - 호출
[2m2021-11-23 13:50:30.517[0;39m [32m INFO[0;39m [35m22948[0;39m [2m---[0;39m [2m[nio-9999-exec-2][0;39m [36mc.s.vue.controller.HouseMapController   [0;39m [2m:[0;39m gugun - 호출
[2m2021-11-23 13:54:44.445[0;39m [32m INFO[0;39m [35m22948[0;39m [2m---[0;39m [2m[nio-9999-exec-4][0;39m [36mc.s.vue.controller.HouseMapController   [0;39m [2m:[0;39m sido - 호출
[2m2021-11-23 13:54:44.454[0;39m [32m INFO[0;39m [35m22948[0;39m [2m---[0;39m [2m[nio-9999-exec-5][0;39m [36mc.s.vue.controller.HouseMapController   [0;39m [2m:[0;39m sido - 호출
[2m2021-11-23 13:54:44.462[0;39m [32m INFO[0;39m [35m22948[0;39m [2m---[0;39m [2m[nio-9999-exec-6][0;39m [36mc.s.vue.controller.HouseMapController   [0;39m [2m:[0;39m sido - 호출
[2m2021-11-23 13:54:55.079[0;39m [32m INFO[0;39m [35m22948[0;39m [2m---[0;39m [2m[nio-9999-exec-9][0;39m [36mc.s.vue.controller.HouseMapController   [0;39m [2m:[0;39m sido - 호출
[2m2021-11-23 13:54:59.397[0;39m [32m INFO[0;39m [35m22948[0;39m [2m---[0;39m [2m[nio-9999-exec-1][0;39m [36mc.s.vue.controller.HouseMapController   [0;39m [2m:[0;39m gugun - 호출
[2m2021-11-23 13:55:01.282[0;39m [32m INFO[0;39m [35m22948[0;39m [2m---[0;39m [2m[nio-9999-exec-2][0;39m [36mc.s.vue.controller.HouseMapController   [0;39m [2m:[0;39m gugun - 호출
[2m2021-11-23 14:02:28.380[0;39m [32m INFO[0;39m [35m22948[0;39m [2m---[0;39m [2m[nio-9999-exec-4][0;39m [36mc.s.vue.controller.HouseMapController   [0;39m [2m:[0;39m sido - 호출
[2m2021-11-23 14:02:28.388[0;39m [32m INFO[0;39m [35m22948[0;39m [2m---[0;39m [2m[nio-9999-exec-5][0;39m [36mc.s.vue.controller.HouseMapController   [0;39m [2m:[0;39m sido - 호출
[2m2021-11-23 14:02:28.468[0;39m [32m INFO[0;39m [35m22948[0;39m [2m---[0;39m [2m[nio-9999-exec-6][0;39m [36mc.s.vue.controller.HouseMapController   [0;39m [2m:[0;39m sido - 호출
[2m2021-11-23 14:02:28.531[0;39m [32m INFO[0;39m [35m22948[0;39m [2m---[0;39m [2m[nio-9999-exec-7][0;39m [36mc.s.vue.controller.HouseMapController   [0;39m [2m:[0;39m sido - 호출
[2m2021-11-23 14:02:36.131[0;39m [32m INFO[0;39m [35m22948[0;39m [2m---[0;39m [2m[io-9999-exec-10][0;39m [36mc.s.vue.controller.HouseMapController   [0;39m [2m:[0;39m sido - 호출
[2m2021-11-23 14:02:45.315[0;39m [32m INFO[0;39m [35m22948[0;39m [2m---[0;39m [2m[nio-9999-exec-2][0;39m [36mc.s.vue.controller.HouseMapController   [0;39m [2m:[0;39m gugun - 호출
[2m2021-11-23 14:02:46.863[0;39m [32m INFO[0;39m [35m22948[0;39m [2m---[0;39m [2m[nio-9999-exec-3][0;39m [36mc.s.vue.controller.HouseMapController   [0;39m [2m:[0;39m gugun - 호출
[2m2021-11-23 14:08:32.106[0;39m [32m INFO[0;39m [35m22948[0;39m [2m---[0;39m [2m[nio-9999-exec-5][0;39m [36mc.s.vue.controller.HouseMapController   [0;39m [2m:[0;39m sido - 호출
[2m2021-11-23 14:08:33.192[0;39m [32m INFO[0;39m [35m22948[0;39m [2m---[0;39m [2m[nio-9999-exec-6][0;39m [36mc.s.vue.controller.HouseMapController   [0;39m [2m:[0;39m sido - 호출
[2m2021-11-23 14:08:33.349[0;39m [32m INFO[0;39m [35m22948[0;39m [2m---[0;39m [2m[nio-9999-exec-7][0;39m [36mc.s.vue.controller.HouseMapController   [0;39m [2m:[0;39m sido - 호출
[2m2021-11-23 14:08:35.729[0;39m [32m INFO[0;39m [35m22948[0;39m [2m---[0;39m [2m[nio-9999-exec-8][0;39m [36mc.s.vue.controller.HouseMapController   [0;39m [2m:[0;39m gugun - 호출
[2m2021-11-23 14:08:58.721[0;39m [32m INFO[0;39m [35m22948[0;39m [2m---[0;39m [2m[io-9999-exec-10][0;39m [36mc.s.vue.controller.HouseMapController   [0;39m [2m:[0;39m sido - 호출
[2m2021-11-23 14:09:02.699[0;39m [32m INFO[0;39m [35m22948[0;39m [2m---[0;39m [2m[nio-9999-exec-2][0;39m [36mc.s.vue.controller.HouseMapController   [0;39m [2m:[0;39m gugun - 호출
[2m2021-11-23 14:16:51.029[0;39m [32m INFO[0;39m [35m22948[0;39m [2m---[0;39m [2m[nio-9999-exec-4][0;39m [36mc.s.vue.controller.HouseMapController   [0;39m [2m:[0;39m sido - 호출
[2m2021-11-23 14:16:58.069[0;39m [32m INFO[0;39m [35m22948[0;39m [2m---[0;39m [2m[nio-9999-exec-5][0;39m [36mc.s.vue.controller.HouseMapController   [0;39m [2m:[0;39m gugun - 호출
[2m2021-11-23 14:20:50.314[0;39m [32m INFO[0;39m [35m22948[0;39m [2m---[0;39m [2m[nio-9999-exec-7][0;39m [36mc.s.vue.controller.HouseMapController   [0;39m [2m:[0;39m sido - 호출
[2m2021-11-23 14:21:02.933[0;39m [32m INFO[0;39m [35m22948[0;39m [2m---[0;39m [2m[nio-9999-exec-9][0;39m [36mc.s.vue.controller.HouseMapController   [0;39m [2m:[0;39m gugun - 호출
[2m2021-11-23 14:21:04.216[0;39m [32m INFO[0;39m [35m22948[0;39m [2m---[0;39m [2m[io-9999-exec-10][0;39m [36mc.s.vue.controller.HouseMapController   [0;39m [2m:[0;39m gugun - 호출
[2m2021-11-23 14:22:11.419[0;39m [32m INFO[0;39m [35m22948[0;39m [2m---[0;39m [2m[nio-9999-exec-2][0;39m [36mc.s.vue.controller.HouseMapController   [0;39m [2m:[0;39m sido - 호출
[2m2021-11-23 14:22:11.428[0;39m [32m INFO[0;39m [35m22948[0;39m [2m---[0;39m [2m[nio-9999-exec-3][0;39m [36mc.s.vue.controller.HouseMapController   [0;39m [2m:[0;39m sido - 호출
[2m2021-11-23 14:22:11.436[0;39m [32m INFO[0;39m [35m22948[0;39m [2m---[0;39m [2m[nio-9999-exec-4][0;39m [36mc.s.vue.controller.HouseMapController   [0;39m [2m:[0;39m sido - 호출
[2m2021-11-23 14:22:17.923[0;39m [32m INFO[0;39m [35m22948[0;39m [2m---[0;39m [2m[nio-9999-exec-5][0;39m [36mc.s.vue.controller.HouseMapController   [0;39m [2m:[0;39m sido - 호출
[2m2021-11-23 14:22:19.279[0;39m [32m INFO[0;39m [35m22948[0;39m [2m---[0;39m [2m[nio-9999-exec-6][0;39m [36mc.s.vue.controller.HouseMapController   [0;39m [2m:[0;39m gugun - 호출
[2m2021-11-23 14:22:21.520[0;39m [32m INFO[0;39m [35m22948[0;39m [2m---[0;39m [2m[nio-9999-exec-9][0;39m [36mc.s.vue.controller.HouseMapController   [0;39m [2m:[0;39m gugun - 호출
[2m2021-11-23 14:22:45.259[0;39m [32m INFO[0;39m [35m22948[0;39m [2m---[0;39m [2m[nio-9999-exec-1][0;39m [36mc.s.vue.controller.HouseMapController   [0;39m [2m:[0;39m gugun - 호출
[2m2021-11-23 14:23:30.272[0;39m [32m INFO[0;39m [35m22948[0;39m [2m---[0;39m [2m[nio-9999-exec-3][0;39m [36mc.s.vue.controller.HouseMapController   [0;39m [2m:[0;39m sido - 호출
[2m2021-11-23 14:23:35.102[0;39m [32m INFO[0;39m [35m22948[0;39m [2m---[0;39m [2m[nio-9999-exec-4][0;39m [36mc.s.vue.controller.HouseMapController   [0;39m [2m:[0;39m gugun - 호출
[2m2021-11-23 14:25:15.028[0;39m [32m INFO[0;39m [35m22948[0;39m [2m---[0;39m [2m[nio-9999-exec-6][0;39m [36mc.s.vue.controller.HouseMapController   [0;39m [2m:[0;39m sido - 호출
[2m2021-11-23 14:25:18.787[0;39m [32m INFO[0;39m [35m22948[0;39m [2m---[0;39m [2m[nio-9999-exec-7][0;39m [36mc.s.vue.controller.HouseMapController   [0;39m [2m:[0;39m gugun - 호출
[2m2021-11-23 14:29:02.896[0;39m [32m INFO[0;39m [35m22948[0;39m [2m---[0;39m [2m[io-9999-exec-10][0;39m [36mc.s.vue.controller.HouseMapController   [0;39m [2m:[0;39m sido - 호출
[2m2021-11-23 14:29:02.911[0;39m [32m INFO[0;39m [35m22948[0;39m [2m---[0;39m [2m[nio-9999-exec-1][0;39m [36mc.s.vue.controller.HouseMapController   [0;39m [2m:[0;39m sido - 호출
[2m2021-11-23 14:29:09.158[0;39m [32m INFO[0;39m [35m22948[0;39m [2m---[0;39m [2m[nio-9999-exec-2][0;39m [36mc.s.vue.controller.HouseMapController   [0;39m [2m:[0;39m sido - 호출
[2m2021-11-23 14:29:12.219[0;39m [32m INFO[0;39m [35m22948[0;39m [2m---[0;39m [2m[nio-9999-exec-3][0;39m [36mc.s.vue.controller.HouseMapController   [0;39m [2m:[0;39m gugun - 호출
[2m2021-11-23 14:38:53.656[0;39m [32m INFO[0;39m [35m22948[0;39m [2m---[0;39m [2m[nio-9999-exec-6][0;39m [36mc.s.vue.controller.HouseMapController   [0;39m [2m:[0;39m sido - 호출
[2m2021-11-23 14:38:57.890[0;39m [32m INFO[0;39m [35m22948[0;39m [2m---[0;39m [2m[nio-9999-exec-8][0;39m [36mc.s.vue.controller.HouseMapController   [0;39m [2m:[0;39m gugun - 호출
[2m2021-11-23 14:39:22.217[0;39m [32m INFO[0;39m [35m22948[0;39m [2m---[0;39m [2m[nio-9999-exec-7][0;39m [36mc.s.vue.controller.HouseMapController   [0;39m [2m:[0;39m sido - 호출
[2m2021-11-23 14:39:25.099[0;39m [32m INFO[0;39m [35m22948[0;39m [2m---[0;39m [2m[nio-9999-exec-9][0;39m [36mc.s.vue.controller.HouseMapController   [0;39m [2m:[0;39m gugun - 호출
[2m2021-11-23 14:39:26.570[0;39m [32m INFO[0;39m [35m22948[0;39m [2m---[0;39m [2m[io-9999-exec-10][0;39m [36mc.s.vue.controller.HouseMapController   [0;39m [2m:[0;39m gugun - 호출
[2m2021-11-23 14:50:38.196[0;39m [32m INFO[0;39m [35m22948[0;39m [2m---[0;39m [2m[nio-9999-exec-2][0;39m [36mc.s.vue.controller.HouseMapController   [0;39m [2m:[0;39m sido - 호출
[2m2021-11-23 14:50:38.501[0;39m [32m INFO[0;39m [35m22948[0;39m [2m---[0;39m [2m[nio-9999-exec-3][0;39m [36mc.s.vue.controller.HouseMapController   [0;39m [2m:[0;39m sido - 호출
[2m2021-11-23 14:50:38.703[0;39m [32m INFO[0;39m [35m22948[0;39m [2m---[0;39m [2m[nio-9999-exec-4][0;39m [36mc.s.vue.controller.HouseMapController   [0;39m [2m:[0;39m sido - 호출
[2m2021-11-23 14:50:39.968[0;39m [32m INFO[0;39m [35m22948[0;39m [2m---[0;39m [2m[nio-9999-exec-5][0;39m [36mc.s.vue.controller.HouseMapController   [0;39m [2m:[0;39m sido - 호출
[2m2021-11-23 14:50:51.347[0;39m [32m INFO[0;39m [35m22948[0;39m [2m---[0;39m [2m[nio-9999-exec-8][0;39m [36mc.s.vue.controller.HouseMapController   [0;39m [2m:[0;39m gugun - 호출
[2m2021-11-23 14:51:08.582[0;39m [32m INFO[0;39m [35m22948[0;39m [2m---[0;39m [2m[nio-9999-exec-7][0;39m [36mc.s.vue.controller.HouseMapController   [0;39m [2m:[0;39m gugun - 호출
[2m2021-11-23 14:52:36.307[0;39m [32m INFO[0;39m [35m22948[0;39m [2m---[0;39m [2m[io-9999-exec-10][0;39m [36mc.s.vue.controller.HouseMapController   [0;39m [2m:[0;39m sido - 호출
[2m2021-11-23 14:52:36.315[0;39m [32m INFO[0;39m [35m22948[0;39m [2m---[0;39m [2m[nio-9999-exec-1][0;39m [36mc.s.vue.controller.HouseMapController   [0;39m [2m:[0;39m sido - 호출
[2m2021-11-23 14:52:36.326[0;39m [32m INFO[0;39m [35m22948[0;39m [2m---[0;39m [2m[nio-9999-exec-2][0;39m [36mc.s.vue.controller.HouseMapController   [0;39m [2m:[0;39m sido - 호출
[2m2021-11-23 14:52:36.336[0;39m [32m INFO[0;39m [35m22948[0;39m [2m---[0;39m [2m[nio-9999-exec-3][0;39m [36mc.s.vue.controller.HouseMapController   [0;39m [2m:[0;39m sido - 호출
[2m2021-11-23 14:52:36.402[0;39m [32m INFO[0;39m [35m22948[0;39m [2m---[0;39m [2m[nio-9999-exec-4][0;39m [36mc.s.vue.controller.HouseMapController   [0;39m [2m:[0;39m sido - 호출
[2m2021-11-23 14:52:36.411[0;39m [32m INFO[0;39m [35m22948[0;39m [2m---[0;39m [2m[nio-9999-exec-5][0;39m [36mc.s.vue.controller.HouseMapController   [0;39m [2m:[0;39m sido - 호출
[2m2021-11-23 14:52:36.452[0;39m [32m INFO[0;39m [35m22948[0;39m [2m---[0;39m [2m[nio-9999-exec-6][0;39m [36mc.s.vue.controller.HouseMapController   [0;39m [2m:[0;39m sido - 호출
[2m2021-11-23 14:52:36.460[0;39m [32m INFO[0;39m [35m22948[0;39m [2m---[0;39m [2m[nio-9999-exec-8][0;39m [36mc.s.vue.controller.HouseMapController   [0;39m [2m:[0;39m sido - 호출
[2m2021-11-23 14:52:44.738[0;39m [32m INFO[0;39m [35m22948[0;39m [2m---[0;39m [2m[nio-9999-exec-7][0;39m [36mc.s.vue.controller.HouseMapController   [0;39m [2m:[0;39m sido - 호출
[2m2021-11-23 14:52:48.257[0;39m [32m INFO[0;39m [35m22948[0;39m [2m---[0;39m [2m[nio-9999-exec-9][0;39m [36mc.s.vue.controller.HouseMapController   [0;39m [2m:[0;39m gugun - 호출
[2m2021-11-23 14:55:17.007[0;39m [32m INFO[0;39m [35m22948[0;39m [2m---[0;39m [2m[nio-9999-exec-2][0;39m [36mc.s.vue.controller.HouseMapController   [0;39m [2m:[0;39m sido - 호출
[2m2021-11-23 14:55:20.150[0;39m [32m INFO[0;39m [35m22948[0;39m [2m---[0;39m [2m[nio-9999-exec-3][0;39m [36mc.s.vue.controller.HouseMapController   [0;39m [2m:[0;39m gugun - 호출
[2m2021-11-23 14:57:34.323[0;39m [32m INFO[0;39m [35m22948[0;39m [2m---[0;39m [2m[nio-9999-exec-5][0;39m [36mc.s.vue.controller.HouseMapController   [0;39m [2m:[0;39m sido - 호출
[2m2021-11-23 14:57:36.014[0;39m [32m INFO[0;39m [35m22948[0;39m [2m---[0;39m [2m[nio-9999-exec-6][0;39m [36mc.s.vue.controller.HouseMapController   [0;39m [2m:[0;39m gugun - 호출
[2m2021-11-23 15:00:19.538[0;39m [32m INFO[0;39m [35m22948[0;39m [2m---[0;39m [2m[nio-9999-exec-7][0;39m [36mc.s.vue.controller.HouseMapController   [0;39m [2m:[0;39m gugun - 호출
[2m2021-11-23 15:00:27.717[0;39m [32m INFO[0;39m [35m22948[0;39m [2m---[0;39m [2m[nio-9999-exec-9][0;39m [36mc.s.vue.controller.HouseMapController   [0;39m [2m:[0;39m sido - 호출
[2m2021-11-23 15:00:29.565[0;39m [32m INFO[0;39m [35m22948[0;39m [2m---[0;39m [2m[io-9999-exec-10][0;39m [36mc.s.vue.controller.HouseMapController   [0;39m [2m:[0;39m gugun - 호출
[2m2021-11-23 15:01:29.676[0;39m [32m INFO[0;39m [35m22948[0;39m [2m---[0;39m [2m[nio-9999-exec-1][0;39m [36mc.s.vue.controller.HouseMapController   [0;39m [2m:[0;39m sido - 호출
[2m2021-11-23 15:01:31.693[0;39m [32m INFO[0;39m [35m22948[0;39m [2m---[0;39m [2m[nio-9999-exec-2][0;39m [36mc.s.vue.controller.HouseMapController   [0;39m [2m:[0;39m gugun - 호출
[2m2021-11-23 15:01:44.062[0;39m [32m INFO[0;39m [35m22948[0;39m [2m---[0;39m [2m[nio-9999-exec-3][0;39m [36mc.s.vue.controller.HouseMapController   [0;39m [2m:[0;39m gugun - 호출
[2m2021-11-23 15:01:58.517[0;39m [32m INFO[0;39m [35m22948[0;39m [2m---[0;39m [2m[nio-9999-exec-4][0;39m [36mc.s.vue.controller.HouseMapController   [0;39m [2m:[0;39m gugun - 호출
[2m2021-11-23 15:03:07.463[0;39m [32m INFO[0;39m [35m22948[0;39m [2m---[0;39m [2m[nio-9999-exec-6][0;39m [36mc.s.vue.controller.HouseMapController   [0;39m [2m:[0;39m sido - 호출
[2m2021-11-23 15:03:10.624[0;39m [32m INFO[0;39m [35m22948[0;39m [2m---[0;39m [2m[nio-9999-exec-8][0;39m [36mc.s.vue.controller.HouseMapController   [0;39m [2m:[0;39m gugun - 호출
[2m2021-11-23 15:11:17.946[0;39m [32m INFO[0;39m [35m22948[0;39m [2m---[0;39m [2m[nio-9999-exec-9][0;39m [36mc.s.vue.controller.HouseMapController   [0;39m [2m:[0;39m sido - 호출
[2m2021-11-23 15:11:17.995[0;39m [32m INFO[0;39m [35m22948[0;39m [2m---[0;39m [2m[io-9999-exec-10][0;39m [36mc.s.vue.controller.HouseMapController   [0;39m [2m:[0;39m sido - 호출
[2m2021-11-23 15:11:22.391[0;39m [32m INFO[0;39m [35m22948[0;39m [2m---[0;39m [2m[nio-9999-exec-2][0;39m [36mc.s.vue.controller.HouseMapController   [0;39m [2m:[0;39m sido - 호출
[2m2021-11-23 15:11:24.632[0;39m [32m INFO[0;39m [35m22948[0;39m [2m---[0;39m [2m[nio-9999-exec-3][0;39m [36mc.s.vue.controller.HouseMapController   [0;39m [2m:[0;39m gugun - 호출
[2m2021-11-23 15:11:34.831[0;39m [32m INFO[0;39m [35m22948[0;39m [2m---[0;39m [2m[nio-9999-exec-4][0;39m [36mc.s.vue.controller.HouseMapController   [0;39m [2m:[0;39m gugun - 호출
[2m2021-11-23 15:12:04.741[0;39m [32m INFO[0;39m [35m22948[0;39m [2m---[0;39m [2m[nio-9999-exec-6][0;39m [36mc.s.vue.controller.HouseMapController   [0;39m [2m:[0;39m sido - 호출
[2m2021-11-23 15:12:06.071[0;39m [32m INFO[0;39m [35m22948[0;39m [2m---[0;39m [2m[nio-9999-exec-8][0;39m [36mc.s.vue.controller.HouseMapController   [0;39m [2m:[0;39m gugun - 호출
[2m2021-11-23 15:18:51.040[0;39m [32m INFO[0;39m [35m22948[0;39m [2m---[0;39m [2m[nio-9999-exec-9][0;39m [36mc.s.vue.controller.HouseMapController   [0;39m [2m:[0;39m sido - 호출
[2m2021-11-23 15:18:51.051[0;39m [32m INFO[0;39m [35m22948[0;39m [2m---[0;39m [2m[io-9999-exec-10][0;39m [36mc.s.vue.controller.HouseMapController   [0;39m [2m:[0;39m sido - 호출
[2m2021-11-23 15:18:55.380[0;39m [32m INFO[0;39m [35m22948[0;39m [2m---[0;39m [2m[nio-9999-exec-1][0;39m [36mc.s.vue.controller.HouseMapController   [0;39m [2m:[0;39m sido - 호출
[2m2021-11-23 15:18:56.720[0;39m [32m INFO[0;39m [35m22948[0;39m [2m---[0;39m [2m[nio-9999-exec-4][0;39m [36mc.s.vue.controller.HouseMapController   [0;39m [2m:[0;39m gugun - 호출
[2m2021-11-23 15:45:25.132[0;39m [32m INFO[0;39m [35m22948[0;39m [2m---[0;39m [2m[nio-9999-exec-6][0;39m [36mc.s.vue.controller.HouseMapController   [0;39m [2m:[0;39m sido - 호출
[2m2021-11-23 15:45:25.170[0;39m [32m INFO[0;39m [35m22948[0;39m [2m---[0;39m [2m[nio-9999-exec-8][0;39m [36mc.s.vue.controller.HouseMapController   [0;39m [2m:[0;39m sido - 호출
[2m2021-11-23 15:45:29.236[0;39m [32m INFO[0;39m [35m22948[0;39m [2m---[0;39m [2m[nio-9999-exec-7][0;39m [36mc.s.vue.controller.HouseMapController   [0;39m [2m:[0;39m sido - 호출
[2m2021-11-23 15:45:34.304[0;39m [32m INFO[0;39m [35m22948[0;39m [2m---[0;39m [2m[nio-9999-exec-9][0;39m [36mc.s.vue.controller.HouseMapController   [0;39m [2m:[0;39m gugun - 호출
[2m2021-11-23 15:46:52.149[0;39m [32m INFO[0;39m [35m22948[0;39m [2m---[0;39m [2m[nio-9999-exec-1][0;39m [36mc.s.vue.controller.HouseMapController   [0;39m [2m:[0;39m sido - 호출
[2m2021-11-23 15:46:52.165[0;39m [32m INFO[0;39m [35m22948[0;39m [2m---[0;39m [2m[nio-9999-exec-2][0;39m [36mc.s.vue.controller.HouseMapController   [0;39m [2m:[0;39m sido - 호출
[2m2021-11-23 15:46:52.179[0;39m [32m INFO[0;39m [35m22948[0;39m [2m---[0;39m [2m[nio-9999-exec-3][0;39m [36mc.s.vue.controller.HouseMapController   [0;39m [2m:[0;39m sido - 호출
[2m2021-11-23 15:46:55.780[0;39m [32m INFO[0;39m [35m22948[0;39m [2m---[0;39m [2m[nio-9999-exec-6][0;39m [36mc.s.vue.controller.HouseMapController   [0;39m [2m:[0;39m sido - 호출
[2m2021-11-23 15:46:57.043[0;39m [32m INFO[0;39m [35m22948[0;39m [2m---[0;39m [2m[nio-9999-exec-8][0;39m [36mc.s.vue.controller.HouseMapController   [0;39m [2m:[0;39m gugun - 호출
[2m2021-11-23 15:47:11.270[0;39m [32m INFO[0;39m [35m22948[0;39m [2m---[0;39m [2m[nio-9999-exec-9][0;39m [36mc.s.vue.controller.HouseMapController   [0;39m [2m:[0;39m sido - 호출
[2m2021-11-23 15:47:11.285[0;39m [32m INFO[0;39m [35m22948[0;39m [2m---[0;39m [2m[io-9999-exec-10][0;39m [36mc.s.vue.controller.HouseMapController   [0;39m [2m:[0;39m sido - 호출
[2m2021-11-23 15:47:11.309[0;39m [32m INFO[0;39m [35m22948[0;39m [2m---[0;39m [2m[nio-9999-exec-1][0;39m [36mc.s.vue.controller.HouseMapController   [0;39m [2m:[0;39m sido - 호출
[2m2021-11-23 15:47:17.831[0;39m [32m INFO[0;39m [35m22948[0;39m [2m---[0;39m [2m[nio-9999-exec-2][0;39m [36mc.s.vue.controller.HouseMapController   [0;39m [2m:[0;39m sido - 호출
[2m2021-11-23 15:47:19.117[0;39m [32m INFO[0;39m [35m22948[0;39m [2m---[0;39m [2m[nio-9999-exec-3][0;39m [36mc.s.vue.controller.HouseMapController   [0;39m [2m:[0;39m gugun - 호출
[2m2021-11-23 15:47:51.857[0;39m [32m INFO[0;39m [35m22948[0;39m [2m---[0;39m [2m[nio-9999-exec-6][0;39m [36mc.s.vue.controller.HouseMapController   [0;39m [2m:[0;39m sido - 호출
[2m2021-11-23 15:47:51.870[0;39m [32m INFO[0;39m [35m22948[0;39m [2m---[0;39m [2m[nio-9999-exec-8][0;39m [36mc.s.vue.controller.HouseMapController   [0;39m [2m:[0;39m sido - 호출
[2m2021-11-23 15:47:51.886[0;39m [32m INFO[0;39m [35m22948[0;39m [2m---[0;39m [2m[nio-9999-exec-7][0;39m [36mc.s.vue.controller.HouseMapController   [0;39m [2m:[0;39m sido - 호출
[2m2021-11-23 15:47:55.218[0;39m [32m INFO[0;39m [35m22948[0;39m [2m---[0;39m [2m[nio-9999-exec-1][0;39m [36mc.s.vue.controller.HouseMapController   [0;39m [2m:[0;39m sido - 호출
[2m2021-11-23 15:47:56.903[0;39m [32m INFO[0;39m [35m22948[0;39m [2m---[0;39m [2m[nio-9999-exec-2][0;39m [36mc.s.vue.controller.HouseMapController   [0;39m [2m:[0;39m gugun - 호출
[2m2021-11-23 15:48:49.205[0;39m [32m INFO[0;39m [35m22948[0;39m [2m---[0;39m [2m[nio-9999-exec-4][0;39m [36mc.s.vue.controller.HouseMapController   [0;39m [2m:[0;39m sido - 호출
[2m2021-11-23 15:48:49.219[0;39m [32m INFO[0;39m [35m22948[0;39m [2m---[0;39m [2m[nio-9999-exec-5][0;39m [36mc.s.vue.controller.HouseMapController   [0;39m [2m:[0;39m sido - 호출
[2m2021-11-23 15:48:49.243[0;39m [32m INFO[0;39m [35m22948[0;39m [2m---[0;39m [2m[nio-9999-exec-6][0;39m [36mc.s.vue.controller.HouseMapController   [0;39m [2m:[0;39m sido - 호출
[2m2021-11-23 15:48:52.745[0;39m [32m INFO[0;39m [35m22948[0;39m [2m---[0;39m [2m[nio-9999-exec-8][0;39m [36mc.s.vue.controller.HouseMapController   [0;39m [2m:[0;39m sido - 호출
[2m2021-11-23 15:48:54.807[0;39m [32m INFO[0;39m [35m22948[0;39m [2m---[0;39m [2m[io-9999-exec-10][0;39m [36mc.s.vue.controller.HouseMapController   [0;39m [2m:[0;39m gugun - 호출
[2m2021-11-23 15:49:08.661[0;39m [32m INFO[0;39m [35m22948[0;39m [2m---[0;39m [2m[nio-9999-exec-2][0;39m [36mc.s.vue.controller.HouseMapController   [0;39m [2m:[0;39m gugun - 호출
[2m2021-11-23 15:49:45.377[0;39m [32m INFO[0;39m [35m22948[0;39m [2m---[0;39m [2m[nio-9999-exec-4][0;39m [36mc.s.vue.controller.HouseMapController   [0;39m [2m:[0;39m sido - 호출
[2m2021-11-23 15:49:45.392[0;39m [32m INFO[0;39m [35m22948[0;39m [2m---[0;39m [2m[nio-9999-exec-5][0;39m [36mc.s.vue.controller.HouseMapController   [0;39m [2m:[0;39m sido - 호출
[2m2021-11-23 15:49:45.409[0;39m [32m INFO[0;39m [35m22948[0;39m [2m---[0;39m [2m[nio-9999-exec-6][0;39m [36mc.s.vue.controller.HouseMapController   [0;39m [2m:[0;39m sido - 호출
[2m2021-11-23 15:51:01.624[0;39m [32m INFO[0;39m [35m22948[0;39m [2m---[0;39m [2m[nio-9999-exec-9][0;39m [36mc.s.vue.controller.HouseMapController   [0;39m [2m:[0;39m sido - 호출
[2m2021-11-23 15:51:02.665[0;39m [32m INFO[0;39m [35m22948[0;39m [2m---[0;39m [2m[io-9999-exec-10][0;39m [36mc.s.vue.controller.HouseMapController   [0;39m [2m:[0;39m sido - 호출
[2m2021-11-23 15:51:02.773[0;39m [32m INFO[0;39m [35m22948[0;39m [2m---[0;39m [2m[nio-9999-exec-1][0;39m [36mc.s.vue.controller.HouseMapController   [0;39m [2m:[0;39m sido - 호출
[2m2021-11-23 15:51:04.897[0;39m [32m INFO[0;39m [35m22948[0;39m [2m---[0;39m [2m[nio-9999-exec-2][0;39m [36mc.s.vue.controller.HouseMapController   [0;39m [2m:[0;39m gugun - 호출
[2m2021-11-23 15:51:18.212[0;39m [32m INFO[0;39m [35m22948[0;39m [2m---[0;39m [2m[nio-9999-exec-4][0;39m [36mc.s.vue.controller.HouseMapController   [0;39m [2m:[0;39m gugun - 호출
[2m2021-11-23 15:56:13.967[0;39m [32m INFO[0;39m [35m22948[0;39m [2m---[0;39m [2m[nio-9999-exec-6][0;39m [36mc.s.vue.controller.HouseMapController   [0;39m [2m:[0;39m sido - 호출
[2m2021-11-23 15:56:13.976[0;39m [32m INFO[0;39m [35m22948[0;39m [2m---[0;39m [2m[nio-9999-exec-7][0;39m [36mc.s.vue.controller.HouseMapController   [0;39m [2m:[0;39m sido - 호출
[2m2021-11-23 15:56:13.983[0;39m [32m INFO[0;39m [35m22948[0;39m [2m---[0;39m [2m[nio-9999-exec-8][0;39m [36mc.s.vue.controller.HouseMapController   [0;39m [2m:[0;39m sido - 호출
[2m2021-11-23 15:56:22.085[0;39m [32m INFO[0;39m [35m22948[0;39m [2m---[0;39m [2m[nio-9999-exec-9][0;39m [36mc.s.vue.controller.HouseMapController   [0;39m [2m:[0;39m sido - 호출
[2m2021-11-23 15:56:25.537[0;39m [32m INFO[0;39m [35m22948[0;39m [2m---[0;39m [2m[io-9999-exec-10][0;39m [36mc.s.vue.controller.HouseMapController   [0;39m [2m:[0;39m gugun - 호출
[2m2021-11-23 15:56:58.857[0;39m [32m INFO[0;39m [35m22948[0;39m [2m---[0;39m [2m[nio-9999-exec-1][0;39m [36mc.s.vue.controller.HouseMapController   [0;39m [2m:[0;39m sido - 호출
[2m2021-11-23 15:56:58.874[0;39m [32m INFO[0;39m [35m22948[0;39m [2m---[0;39m [2m[nio-9999-exec-2][0;39m [36mc.s.vue.controller.HouseMapController   [0;39m [2m:[0;39m sido - 호출
[2m2021-11-23 15:56:58.889[0;39m [32m INFO[0;39m [35m22948[0;39m [2m---[0;39m [2m[nio-9999-exec-3][0;39m [36mc.s.vue.controller.HouseMapController   [0;39m [2m:[0;39m sido - 호출
[2m2021-11-23 15:57:04.167[0;39m [32m INFO[0;39m [35m22948[0;39m [2m---[0;39m [2m[nio-9999-exec-6][0;39m [36mc.s.vue.controller.HouseMapController   [0;39m [2m:[0;39m sido - 호출
[2m2021-11-23 15:57:04.725[0;39m [32m INFO[0;39m [35m22948[0;39m [2m---[0;39m [2m[nio-9999-exec-7][0;39m [36mc.s.vue.controller.HouseMapController   [0;39m [2m:[0;39m gugun - 호출
[2m2021-11-23 16:11:15.163[0;39m [32m INFO[0;39m [35m22948[0;39m [2m---[0;39m [2m[nio-9999-exec-9][0;39m [36mc.s.vue.controller.HouseMapController   [0;39m [2m:[0;39m gugun - 호출
[2m2021-11-23 16:12:02.619[0;39m [32m INFO[0;39m [35m22948[0;39m [2m---[0;39m [2m[nio-9999-exec-1][0;39m [36mc.s.vue.controller.HouseMapController   [0;39m [2m:[0;39m gugun - 호출
[2m2021-11-23 16:15:48.557[0;39m [32m INFO[0;39m [35m22948[0;39m [2m---[0;39m [2m[nio-9999-exec-3][0;39m [36mc.s.vue.controller.HouseMapController   [0;39m [2m:[0;39m sido - 호출
[2m2021-11-23 16:15:51.227[0;39m [32m INFO[0;39m [35m22948[0;39m [2m---[0;39m [2m[nio-9999-exec-5][0;39m [36mc.s.vue.controller.HouseMapController   [0;39m [2m:[0;39m gugun - 호출
[2m2021-11-23 16:16:10.852[0;39m [32m INFO[0;39m [35m22948[0;39m [2m---[0;39m [2m[nio-9999-exec-6][0;39m [36mc.s.vue.controller.HouseMapController   [0;39m [2m:[0;39m gugun - 호출
[2m2021-11-23 16:16:53.754[0;39m [32m INFO[0;39m [35m22948[0;39m [2m---[0;39m [2m[nio-9999-exec-8][0;39m [36mc.s.vue.controller.HouseMapController   [0;39m [2m:[0;39m gugun - 호출
[2m2021-11-23 16:18:10.260[0;39m [32m INFO[0;39m [35m22948[0;39m [2m---[0;39m [2m[io-9999-exec-10][0;39m [36mc.s.vue.controller.HouseMapController   [0;39m [2m:[0;39m gugun - 호출
[2m2021-11-23 16:18:43.879[0;39m [32m INFO[0;39m [35m22948[0;39m [2m---[0;39m [2m[nio-9999-exec-2][0;39m [36mc.s.vue.controller.HouseMapController   [0;39m [2m:[0;39m gugun - 호출
[2m2021-11-23 16:53:04.253[0;39m [32m INFO[0;39m [35m22948[0;39m [2m---[0;39m [2m[nio-9999-exec-5][0;39m [36mc.s.vue.controller.HouseMapController   [0;39m [2m:[0;39m sido - 호출
[2m2021-11-23 16:54:51.577[0;39m [32m INFO[0;39m [35m22948[0;39m [2m---[0;39m [2m[nio-9999-exec-6][0;39m [36mc.s.vue.controller.HouseMapController   [0;39m [2m:[0;39m sido - 호출
[2m2021-11-23 16:54:52.014[0;39m [32m INFO[0;39m [35m22948[0;39m [2m---[0;39m [2m[nio-9999-exec-7][0;39m [36mc.s.vue.controller.HouseMapController   [0;39m [2m:[0;39m sido - 호출
[2m2021-11-23 16:54:52.089[0;39m [32m INFO[0;39m [35m22948[0;39m [2m---[0;39m [2m[nio-9999-exec-8][0;39m [36mc.s.vue.controller.HouseMapController   [0;39m [2m:[0;39m sido - 호출
[2m2021-11-23 16:55:27.687[0;39m [32m INFO[0;39m [35m22948[0;39m [2m---[0;39m [2m[io-9999-exec-10][0;39m [36mc.s.vue.controller.HouseMapController   [0;39m [2m:[0;39m sido - 호출
[2m2021-11-23 16:55:27.735[0;39m [32m INFO[0;39m [35m22948[0;39m [2m---[0;39m [2m[nio-9999-exec-1][0;39m [36mc.s.vue.controller.HouseMapController   [0;39m [2m:[0;39m sido - 호출
[2m2021-11-23 16:55:27.766[0;39m [32m INFO[0;39m [35m22948[0;39m [2m---[0;39m [2m[nio-9999-exec-2][0;39m [36mc.s.vue.controller.HouseMapController   [0;39m [2m:[0;39m sido - 호출
[2m2021-11-23 16:55:58.624[0;39m [32m INFO[0;39m [35m22948[0;39m [2m---[0;39m [2m[nio-9999-exec-5][0;39m [36mc.s.vue.controller.HouseMapController   [0;39m [2m:[0;39m sido - 호출
[2m2021-11-23 16:55:58.633[0;39m [32m INFO[0;39m [35m22948[0;39m [2m---[0;39m [2m[nio-9999-exec-4][0;39m [36mc.s.vue.controller.HouseMapController   [0;39m [2m:[0;39m sido - 호출
[2m2021-11-23 16:55:58.649[0;39m [32m INFO[0;39m [35m22948[0;39m [2m---[0;39m [2m[nio-9999-exec-6][0;39m [36mc.s.vue.controller.HouseMapController   [0;39m [2m:[0;39m sido - 호출
[2m2021-11-23 16:56:20.100[0;39m [32m INFO[0;39m [35m22948[0;39m [2m---[0;39m [2m[nio-9999-exec-9][0;39m [36mc.s.vue.controller.HouseMapController   [0;39m [2m:[0;39m sido - 호출
[2m2021-11-23 16:56:38.950[0;39m [32m INFO[0;39m [35m22948[0;39m [2m---[0;39m [2m[nio-9999-exec-1][0;39m [36mc.s.vue.controller.HouseMapController   [0;39m [2m:[0;39m sido - 호출
[2m2021-11-23 16:56:42.157[0;39m [32m INFO[0;39m [35m22948[0;39m [2m---[0;39m [2m[nio-9999-exec-2][0;39m [36mc.s.vue.controller.HouseMapController   [0;39m [2m:[0;39m gugun - 호출
[2m2021-11-23 16:56:50.912[0;39m [32m INFO[0;39m [35m22948[0;39m [2m---[0;39m [2m[nio-9999-exec-3][0;39m [36mc.s.vue.controller.HouseMapController   [0;39m [2m:[0;39m gugun - 호출
[2m2021-11-23 17:51:05.105[0;39m [32m INFO[0;39m [35m22948[0;39m [2m---[0;39m [2m[nio-9999-exec-4][0;39m [36mc.s.vue.controller.HouseMapController   [0;39m [2m:[0;39m sido - 호출
[2m2021-11-23 17:51:09.057[0;39m [32m INFO[0;39m [35m22948[0;39m [2m---[0;39m [2m[nio-9999-exec-6][0;39m [36mc.s.vue.controller.HouseMapController   [0;39m [2m:[0;39m gugun - 호출
[2m2021-11-23 17:54:11.479[0;39m [32m INFO[0;39m [35m22948[0;39m [2m---[0;39m [2m[nio-9999-exec-7][0;39m [36mc.s.vue.controller.HouseMapController   [0;39m [2m:[0;39m sido - 호출
[2m2021-11-23 17:54:27.154[0;39m [32m INFO[0;39m [35m22948[0;39m [2m---[0;39m [2m[nio-9999-exec-9][0;39m [36mc.s.vue.controller.HouseMapController   [0;39m [2m:[0;39m gugun - 호출
[2m2021-11-23 18:11:23.941[0;39m [32m INFO[0;39m [35m22948[0;39m [2m---[0;39m [2m[nio-9999-exec-1][0;39m [36mc.s.vue.controller.HouseMapController   [0;39m [2m:[0;39m sido - 호출
[2m2021-11-23 18:11:47.193[0;39m [32m INFO[0;39m [35m22948[0;39m [2m---[0;39m [2m[nio-9999-exec-3][0;39m [36mc.s.vue.controller.HouseMapController   [0;39m [2m:[0;39m sido - 호출
[2m2021-11-23 18:16:12.167[0;39m [32m INFO[0;39m [35m22948[0;39m [2m---[0;39m [2m[nio-9999-exec-4][0;39m [36mc.s.vue.controller.HouseMapController   [0;39m [2m:[0;39m sido - 호출
[2m2021-11-23 18:16:15.820[0;39m [32m INFO[0;39m [35m22948[0;39m [2m---[0;39m [2m[nio-9999-exec-8][0;39m [36mc.s.vue.controller.HouseMapController   [0;39m [2m:[0;39m gugun - 호출
[2m2021-11-23 18:16:38.053[0;39m [32m INFO[0;39m [35m22948[0;39m [2m---[0;39m [2m[nio-9999-exec-9][0;39m [36mc.s.vue.controller.HouseMapController   [0;39m [2m:[0;39m gugun - 호출
[2m2021-11-23 18:17:08.870[0;39m [32m INFO[0;39m [35m22948[0;39m [2m---[0;39m [2m[nio-9999-exec-1][0;39m [36mc.s.vue.controller.HouseMapController   [0;39m [2m:[0;39m sido - 호출
[2m2021-11-23 18:19:49.865[0;39m [32m INFO[0;39m [35m22948[0;39m [2m---[0;39m [2m[nio-9999-exec-3][0;39m [36mc.s.vue.controller.HouseMapController   [0;39m [2m:[0;39m sido - 호출
[2m2021-11-23 18:19:55.643[0;39m [32m INFO[0;39m [35m22948[0;39m [2m---[0;39m [2m[nio-9999-exec-4][0;39m [36mc.s.vue.controller.HouseMapController   [0;39m [2m:[0;39m sido - 호출
[2m2021-11-23 18:21:12.256[0;39m [32m INFO[0;39m [35m22948[0;39m [2m---[0;39m [2m[nio-9999-exec-8][0;39m [36mc.s.vue.controller.HouseMapController   [0;39m [2m:[0;39m sido - 호출
[2m2021-11-23 18:21:49.005[0;39m [32m INFO[0;39m [35m22948[0;39m [2m---[0;39m [2m[nio-9999-exec-9][0;39m [36mc.s.vue.controller.HouseMapController   [0;39m [2m:[0;39m sido - 호출
[2m2021-11-23 18:22:08.864[0;39m [32m INFO[0;39m [35m22948[0;39m [2m---[0;39m [2m[nio-9999-exec-1][0;39m [36mc.s.vue.controller.HouseMapController   [0;39m [2m:[0;39m sido - 호출
[2m2021-11-23 18:22:35.036[0;39m [32m INFO[0;39m [35m22948[0;39m [2m---[0;39m [2m[nio-9999-exec-3][0;39m [36mc.s.vue.controller.HouseMapController   [0;39m [2m:[0;39m sido - 호출
[2m2021-11-23 18:24:19.300[0;39m [32m INFO[0;39m [35m22948[0;39m [2m---[0;39m [2m[nio-9999-exec-4][0;39m [36mc.s.vue.controller.HouseMapController   [0;39m [2m:[0;39m sido - 호출
[2m2021-11-23 18:25:34.214[0;39m [32m INFO[0;39m [35m22948[0;39m [2m---[0;39m [2m[nio-9999-exec-8][0;39m [36mc.s.vue.controller.HouseMapController   [0;39m [2m:[0;39m sido - 호출
[2m2021-11-23 18:26:04.289[0;39m [32m INFO[0;39m [35m22948[0;39m [2m---[0;39m [2m[nio-9999-exec-9][0;39m [36mc.s.vue.controller.HouseMapController   [0;39m [2m:[0;39m sido - 호출
[2m2021-11-23 18:26:04.299[0;39m [32m INFO[0;39m [35m22948[0;39m [2m---[0;39m [2m[io-9999-exec-10][0;39m [36mc.s.vue.controller.HouseMapController   [0;39m [2m:[0;39m sido - 호출
[2m2021-11-23 18:26:08.755[0;39m [32m INFO[0;39m [35m22948[0;39m [2m---[0;39m [2m[nio-9999-exec-1][0;39m [36mc.s.vue.controller.HouseMapController   [0;39m [2m:[0;39m sido - 호출
[2m2021-11-23 18:27:52.625[0;39m [32m INFO[0;39m [35m22948[0;39m [2m---[0;39m [2m[nio-9999-exec-5][0;39m [36mc.s.vue.controller.HouseMapController   [0;39m [2m:[0;39m sido - 호출
[2m2021-11-23 18:27:53.713[0;39m [32m INFO[0;39m [35m22948[0;39m [2m---[0;39m [2m[nio-9999-exec-6][0;39m [36mc.s.vue.controller.HouseMapController   [0;39m [2m:[0;39m sido - 호출
[2m2021-11-23 18:27:56.863[0;39m [32m INFO[0;39m [35m22948[0;39m [2m---[0;39m [2m[nio-9999-exec-8][0;39m [36mc.s.vue.controller.HouseMapController   [0;39m [2m:[0;39m sido - 호출
[2m2021-11-23 18:28:15.413[0;39m [32m INFO[0;39m [35m22948[0;39m [2m---[0;39m [2m[nio-9999-exec-9][0;39m [36mc.s.vue.controller.HouseMapController   [0;39m [2m:[0;39m sido - 호출
[2m2021-11-23 18:38:21.697[0;39m [33m WARN[0;39m [35m22948[0;39m [2m---[0;39m [2m[l-1 housekeeper][0;39m [36mcom.zaxxer.hikari.pool.HikariPool       [0;39m [2m:[0;39m HikariPool-1 - Thread starvation or clock leap detected (housekeeper delta=50s278ms678µs900ns).
[2m2021-11-23 21:30:04.136[0;39m [32m INFO[0;39m [35m22948[0;39m [2m---[0;39m [2m[nio-9999-exec-1][0;39m [36mc.s.vue.controller.HouseMapController   [0;39m [2m:[0;39m sido - 호출
[2m2021-11-23 21:39:20.993[0;39m [32m INFO[0;39m [35m22948[0;39m [2m---[0;39m [2m[nio-9999-exec-2][0;39m [36mc.s.vue.controller.HouseMapController   [0;39m [2m:[0;39m sido - 호출
[2m2021-11-23 21:55:50.975[0;39m [32m INFO[0;39m [35m22948[0;39m [2m---[0;39m [2m[nio-9999-exec-4][0;39m [36mc.s.vue.controller.HouseMapController   [0;39m [2m:[0;39m sido - 호출
[2m2021-11-23 21:56:06.231[0;39m [32m INFO[0;39m [35m22948[0;39m [2m---[0;39m [2m[nio-9999-exec-6][0;39m [36mc.s.vue.controller.HouseMapController   [0;39m [2m:[0;39m sido - 호출
[2m2021-11-23 21:56:56.656[0;39m [32m INFO[0;39m [35m22948[0;39m [2m---[0;39m [2m[nio-9999-exec-8][0;39m [36mc.s.vue.controller.HouseMapController   [0;39m [2m:[0;39m sido - 호출
[2m2021-11-23 21:57:01.260[0;39m [32m INFO[0;39m [35m22948[0;39m [2m---[0;39m [2m[nio-9999-exec-7][0;39m [36mc.s.vue.controller.HouseMapController   [0;39m [2m:[0;39m gugun - 호출
[2m2021-11-23 21:58:42.941[0;39m [32m INFO[0;39m [35m22948[0;39m [2m---[0;39m [2m[io-9999-exec-10][0;39m [36mc.s.vue.controller.HouseMapController   [0;39m [2m:[0;39m sido - 호출
[2m2021-11-23 22:15:08.542[0;39m [32m INFO[0;39m [35m22948[0;39m [2m---[0;39m [2m[nio-9999-exec-3][0;39m [36mc.s.vue.controller.HouseMapController   [0;39m [2m:[0;39m sido - 호출
[2m2021-11-23 22:15:11.271[0;39m [32m INFO[0;39m [35m22948[0;39m [2m---[0;39m [2m[nio-9999-exec-5][0;39m [36mc.s.vue.controller.HouseMapController   [0;39m [2m:[0;39m gugun - 호출
[2m2021-11-23 22:18:43.276[0;39m [32m INFO[0;39m [35m22948[0;39m [2m---[0;39m [2m[nio-9999-exec-6][0;39m [36mc.s.vue.controller.HouseMapController   [0;39m [2m:[0;39m sido - 호출
[2m2021-11-23 22:26:03.481[0;39m [32m INFO[0;39m [35m22948[0;39m [2m---[0;39m [2m[nio-9999-exec-7][0;39m [36mc.s.vue.controller.HouseMapController   [0;39m [2m:[0;39m sido - 호출
[2m2021-11-23 22:26:05.859[0;39m [32m INFO[0;39m [35m22948[0;39m [2m---[0;39m [2m[nio-9999-exec-9][0;39m [36mc.s.vue.controller.HouseMapController   [0;39m [2m:[0;39m gugun - 호출
[2m2021-11-23 22:44:03.206[0;39m [32m INFO[0;39m [35m22948[0;39m [2m---[0;39m [2m[nio-9999-exec-1][0;39m [36mc.s.vue.controller.HouseMapController   [0;39m [2m:[0;39m sido - 호출
[2m2021-11-23 22:44:15.717[0;39m [32m INFO[0;39m [35m22948[0;39m [2m---[0;39m [2m[nio-9999-exec-2][0;39m [36mc.s.vue.controller.HouseMapController   [0;39m [2m:[0;39m gugun - 호출
[2m2021-11-23 22:45:08.131[0;39m [32m INFO[0;39m [35m22948[0;39m [2m---[0;39m [2m[nio-9999-exec-4][0;39m [36mc.s.vue.controller.HouseMapController   [0;39m [2m:[0;39m sido - 호출
[2m2021-11-23 22:45:23.520[0;39m [32m INFO[0;39m [35m22948[0;39m [2m---[0;39m [2m[nio-9999-exec-8][0;39m [36mc.s.vue.controller.HouseMapController   [0;39m [2m:[0;39m gugun - 호출
[2m2021-11-23 22:49:22.038[0;39m [32m INFO[0;39m [35m22948[0;39m [2m---[0;39m [2m[nio-9999-exec-9][0;39m [36mc.s.vue.controller.HouseMapController   [0;39m [2m:[0;39m sido - 호출
[2m2021-11-23 22:49:55.654[0;39m [32m INFO[0;39m [35m22948[0;39m [2m---[0;39m [2m[nio-9999-exec-1][0;39m [36mc.s.vue.controller.HouseMapController   [0;39m [2m:[0;39m gugun - 호출
[2m2021-11-23 22:58:05.588[0;39m [32m INFO[0;39m [35m22948[0;39m [2m---[0;39m [2m[nio-9999-exec-2][0;39m [36mc.s.vue.controller.HouseMapController   [0;39m [2m:[0;39m sido - 호출
[2m2021-11-23 22:58:19.191[0;39m [32m INFO[0;39m [35m22948[0;39m [2m---[0;39m [2m[nio-9999-exec-4][0;39m [36mc.s.vue.controller.HouseMapController   [0;39m [2m:[0;39m gugun - 호출
[2m2021-11-23 23:00:21.959[0;39m [32m INFO[0;39m [35m22948[0;39m [2m---[0;39m [2m[nio-9999-exec-8][0;39m [36mc.s.vue.controller.HouseMapController   [0;39m [2m:[0;39m sido - 호출
[2m2021-11-23 23:02:18.648[0;39m [32m INFO[0;39m [35m22948[0;39m [2m---[0;39m [2m[nio-9999-exec-9][0;39m [36mc.s.vue.controller.HouseMapController   [0;39m [2m:[0;39m sido - 호출
[2m2021-11-23 23:02:40.504[0;39m [32m INFO[0;39m [35m22948[0;39m [2m---[0;39m [2m[nio-9999-exec-1][0;39m [36mc.s.vue.controller.HouseMapController   [0;39m [2m:[0;39m gugun - 호출
[2m2021-11-23 23:02:44.599[0;39m [32m INFO[0;39m [35m22948[0;39m [2m---[0;39m [2m[nio-9999-exec-3][0;39m [36mc.s.vue.controller.HouseMapController   [0;39m [2m:[0;39m sido - 호출
[2m2021-11-23 23:02:51.055[0;39m [32m INFO[0;39m [35m22948[0;39m [2m---[0;39m [2m[nio-9999-exec-5][0;39m [36mc.s.vue.controller.HouseMapController   [0;39m [2m:[0;39m gugun - 호출
[2m2021-11-23 23:10:37.523[0;39m [32m INFO[0;39m [35m22948[0;39m [2m---[0;39m [2m[nio-9999-exec-6][0;39m [36mc.s.vue.controller.HouseMapController   [0;39m [2m:[0;39m sido - 호출
[2m2021-11-23 23:10:49.472[0;39m [32m INFO[0;39m [35m22948[0;39m [2m---[0;39m [2m[nio-9999-exec-7][0;39m [36mc.s.vue.controller.HouseMapController   [0;39m [2m:[0;39m gugun - 호출
[2m2021-11-23 23:12:48.979[0;39m [32m INFO[0;39m [35m22948[0;39m [2m---[0;39m [2m[io-9999-exec-10][0;39m [36mc.s.vue.controller.HouseMapController   [0;39m [2m:[0;39m sido - 호출
[2m2021-11-23 23:12:56.591[0;39m [32m INFO[0;39m [35m22948[0;39m [2m---[0;39m [2m[nio-9999-exec-3][0;39m [36mc.s.vue.controller.HouseMapController   [0;39m [2m:[0;39m gugun - 호출
[2m2021-11-23 23:14:34.446[0;39m [32m INFO[0;39m [35m22948[0;39m [2m---[0;39m [2m[nio-9999-exec-5][0;39m [36mc.s.vue.controller.HouseMapController   [0;39m [2m:[0;39m sido - 호출
[2m2021-11-23 23:16:37.966[0;39m [32m INFO[0;39m [35m22948[0;39m [2m---[0;39m [2m[nio-9999-exec-6][0;39m [36mc.s.vue.controller.HouseMapController   [0;39m [2m:[0;39m sido - 호출
[2m2021-11-23 23:18:16.443[0;39m [32m INFO[0;39m [35m22948[0;39m [2m---[0;39m [2m[nio-9999-exec-7][0;39m [36mc.s.vue.controller.HouseMapController   [0;39m [2m:[0;39m sido - 호출
[2m2021-11-23 23:19:06.868[0;39m [32m INFO[0;39m [35m22948[0;39m [2m---[0;39m [2m[io-9999-exec-10][0;39m [36mc.s.vue.controller.HouseMapController   [0;39m [2m:[0;39m sido - 호출
[2m2021-11-23 23:23:13.624[0;39m [32m INFO[0;39m [35m22948[0;39m [2m---[0;39m [2m[nio-9999-exec-3][0;39m [36mc.s.vue.controller.HouseMapController   [0;39m [2m:[0;39m sido - 호출
[2m2021-11-23 23:26:44.556[0;39m [32m INFO[0;39m [35m22948[0;39m [2m---[0;39m [2m[nio-9999-exec-5][0;39m [36mc.s.vue.controller.HouseMapController   [0;39m [2m:[0;39m sido - 호출
[2m2021-11-23 23:41:12.170[0;39m [32m INFO[0;39m [35m22948[0;39m [2m---[0;39m [2m[nio-9999-exec-6][0;39m [36mc.s.vue.controller.HouseMapController   [0;39m [2m:[0;39m sido - 호출
[2m2021-11-23 23:41:28.101[0;39m [32m INFO[0;39m [35m22948[0;39m [2m---[0;39m [2m[nio-9999-exec-7][0;39m [36mc.s.vue.controller.HouseMapController   [0;39m [2m:[0;39m sido - 호출
[2m2021-11-23 23:43:34.787[0;39m [32m INFO[0;39m [35m22948[0;39m [2m---[0;39m [2m[io-9999-exec-10][0;39m [36mc.s.vue.controller.HouseMapController   [0;39m [2m:[0;39m sido - 호출
[2m2021-11-23 23:45:05.068[0;39m [32m INFO[0;39m [35m22948[0;39m [2m---[0;39m [2m[nio-9999-exec-3][0;39m [36mc.s.vue.controller.HouseMapController   [0;39m [2m:[0;39m sido - 호출
[2m2021-11-23 23:52:52.835[0;39m [32m INFO[0;39m [35m22948[0;39m [2m---[0;39m [2m[nio-9999-exec-5][0;39m [36mc.s.vue.controller.HouseMapController   [0;39m [2m:[0;39m sido - 호출
