[2m2021-11-25 13:07:51.274[0;39m [33m WARN[0;39m [35m22948[0;39m [2m---[0;39m [2m[l-1 housekeeper][0;39m [36mcom.zaxxer.hikari.pool.HikariPool       [0;39m [2m:[0;39m HikariPool-1 - Thread starvation or clock leap detected (housekeeper delta=14h43m13s636ms648µs399ns).
[2m2021-11-25 13:28:34.250[0;39m [32m INFO[0;39m [35m22948[0;39m [2m---[0;39m [2m[nio-9999-exec-9][0;39m [36mc.ssafy.vue.controller.BoardController  [0;39m [2m:[0;39m listArticle - 호출
[2m2021-11-25 13:28:36.277[0;39m [32m INFO[0;39m [35m22948[0;39m [2m---[0;39m [2m[nio-9999-exec-1][0;39m [36mc.s.vue.controller.HouseMapController   [0;39m [2m:[0;39m sido - 호출
[2m2021-11-25 13:30:38.124[0;39m [32m INFO[0;39m [35m22948[0;39m [2m---[0;39m [2m[io-9999-exec-10][0;39m [36mc.ssafy.vue.controller.BoardController  [0;39m [2m:[0;39m listArticle - 호출
[2m2021-11-25 13:30:41.108[0;39m [32m INFO[0;39m [35m22948[0;39m [2m---[0;39m [2m[nio-9999-exec-2][0;39m [36mc.s.vue.controller.HouseMapController   [0;39m [2m:[0;39m sido - 호출
[2m2021-11-25 13:30:46.769[0;39m [32m INFO[0;39m [35m22948[0;39m [2m---[0;39m [2m[nio-9999-exec-5][0;39m [36mc.s.vue.controller.HouseMapController   [0;39m [2m:[0;39m sido - 호출
[2m2021-11-25 13:30:49.967[0;39m [32m INFO[0;39m [35m22948[0;39m [2m---[0;39m [2m[nio-9999-exec-3][0;39m [36mc.s.vue.controller.HouseMapController   [0;39m [2m:[0;39m sido - 호출
[2m2021-11-25 13:30:52.012[0;39m [32m INFO[0;39m [35m22948[0;39m [2m---[0;39m [2m[nio-9999-exec-6][0;39m [36mc.s.vue.controller.HouseMapController   [0;39m [2m:[0;39m gugun - 호출
[2m2021-11-25 13:30:58.078[0;39m [32m INFO[0;39m [35m22948[0;39m [2m---[0;39m [2m[nio-9999-exec-9][0;39m [36mc.s.vue.controller.HouseMapController   [0;39m [2m:[0;39m sido - 호출
[2m2021-11-25 13:30:59.576[0;39m [32m INFO[0;39m [35m22948[0;39m [2m---[0;39m [2m[nio-9999-exec-1][0;39m [36mc.s.vue.controller.HouseMapController   [0;39m [2m:[0;39m gugun - 호출
[2m2021-11-25 13:31:02.895[0;39m [32m INFO[0;39m [35m22948[0;39m [2m---[0;39m [2m[nio-9999-exec-7][0;39m [36mc.s.vue.controller.HouseMapController   [0;39m [2m:[0;39m sido - 호출
[2m2021-11-25 13:31:04.236[0;39m [32m INFO[0;39m [35m22948[0;39m [2m---[0;39m [2m[io-9999-exec-10][0;39m [36mc.s.vue.controller.HouseMapController   [0;39m [2m:[0;39m gugun - 호출
[2m2021-11-25 13:34:21.747[0;39m [32m INFO[0;39m [35m22948[0;39m [2m---[0;39m [2m[nio-9999-exec-5][0;39m [36mc.ssafy.vue.controller.BoardController  [0;39m [2m:[0;39m listArticle - 호출
[2m2021-11-25 14:28:48.043[0;39m [32m INFO[0;39m [35m6168[0;39m [2m---[0;39m [2m[  restartedMain][0;39m [36m.e.DevToolsPropertyDefaultsPostProcessor[0;39m [2m:[0;39m Devtools property defaults active! Set 'spring.devtools.add-properties' to 'false' to disable
[2m2021-11-25 14:28:48.045[0;39m [32m INFO[0;39m [35m6168[0;39m [2m---[0;39m [2m[  restartedMain][0;39m [36m.e.DevToolsPropertyDefaultsPostProcessor[0;39m [2m:[0;39m For additional web related logging consider setting the 'logging.level.web' property to 'DEBUG'
[2m2021-11-25 14:28:49.562[0;39m [32m INFO[0;39m [35m6168[0;39m [2m---[0;39m [2m[  restartedMain][0;39m [36mo.s.b.w.embedded.tomcat.TomcatWebServer [0;39m [2m:[0;39m Tomcat initialized with port(s): 9999 (http)
[2m2021-11-25 14:28:49.635[0;39m [32m INFO[0;39m [35m6168[0;39m [2m---[0;39m [2m[  restartedMain][0;39m [36mw.s.c.ServletWebServerApplicationContext[0;39m [2m:[0;39m Root WebApplicationContext: initialization completed in 1589 ms
[2m2021-11-25 14:28:50.571[0;39m [32m INFO[0;39m [35m6168[0;39m [2m---[0;39m [2m[  restartedMain][0;39m [36mo.s.b.d.a.OptionalLiveReloadServer      [0;39m [2m:[0;39m LiveReload server is running on port 35729
[2m2021-11-25 14:28:50.827[0;39m [32m INFO[0;39m [35m6168[0;39m [2m---[0;39m [2m[  restartedMain][0;39m [36mo.s.b.w.embedded.tomcat.TomcatWebServer [0;39m [2m:[0;39m Tomcat started on port(s): 9999 (http) with context path '/vue'
[2m2021-11-25 14:31:12.599[0;39m [32m INFO[0;39m [35m6168[0;39m [2m---[0;39m [2m[nio-9999-exec-1][0;39m [36mo.s.web.servlet.DispatcherServlet       [0;39m [2m:[0;39m Initializing Servlet 'dispatcherServlet'
[2m2021-11-25 14:31:12.606[0;39m [32m INFO[0;39m [35m6168[0;39m [2m---[0;39m [2m[nio-9999-exec-1][0;39m [36mo.s.web.servlet.DispatcherServlet       [0;39m [2m:[0;39m Completed initialization in 6 ms
[2m2021-11-25 14:31:12.688[0;39m [32m INFO[0;39m [35m6168[0;39m [2m---[0;39m [2m[nio-9999-exec-1][0;39m [36mc.s.vue.controller.HouseMapController   [0;39m [2m:[0;39m sido - 호출
[2m2021-11-25 14:31:21.625[0;39m [32mDEBUG[0;39m [35m6168[0;39m [2m---[0;39m [2m[nio-9999-exec-3][0;39m [36mc.ssafy.vue.controller.MemberController [0;39m [2m:[0;39m 로그인 토큰정보 : eyJ0eXAiOiJKV1QiLCJyZWdEYXRlIjoxNjM3ODE4MjgxNTczLCJhbGciOiJIUzI1NiJ9.eyJleHAiOjE2Mzc4MjE4ODEsInN1YiI6ImFjY2Vzcy10b2tlbiIsInVzZXJpZCI6InNzYWZ5In0.gYnsO813xWC2bEK43UJzco4i_4W3VTePAjEnQmjGRJI
[2m2021-11-25 14:31:21.690[0;39m [32m INFO[0;39m [35m6168[0;39m [2m---[0;39m [2m[nio-9999-exec-5][0;39m [36mc.ssafy.vue.controller.MemberController [0;39m [2m:[0;39m 사용 가능한 토큰!!!
[2m2021-11-25 14:31:24.220[0;39m [32m INFO[0;39m [35m6168[0;39m [2m---[0;39m [2m[nio-9999-exec-7][0;39m [36mc.ssafy.vue.controller.BoardController  [0;39m [2m:[0;39m listArticle - 호출
[2m2021-11-25 14:31:30.837[0;39m [32m INFO[0;39m [35m6168[0;39m [2m---[0;39m [2m[nio-9999-exec-8][0;39m [36mc.s.vue.controller.HouseMapController   [0;39m [2m:[0;39m sido - 호출
[2m2021-11-25 14:31:34.107[0;39m [32m INFO[0;39m [35m6168[0;39m [2m---[0;39m [2m[io-9999-exec-10][0;39m [36mc.s.vue.controller.HouseMapController   [0;39m [2m:[0;39m sido - 호출
[2m2021-11-25 14:31:37.016[0;39m [32m INFO[0;39m [35m6168[0;39m [2m---[0;39m [2m[nio-9999-exec-1][0;39m [36mc.s.vue.controller.HouseMapController   [0;39m [2m:[0;39m sido - 호출
[2m2021-11-25 14:31:51.518[0;39m [32m INFO[0;39m [35m6168[0;39m [2m---[0;39m [2m[nio-9999-exec-3][0;39m [36mc.s.vue.controller.HouseMapController   [0;39m [2m:[0;39m gugun - 호출
[2m2021-11-25 14:32:03.324[0;39m [32m INFO[0;39m [35m6168[0;39m [2m---[0;39m [2m[nio-9999-exec-5][0;39m [36mc.s.vue.controller.QuestionController   [0;39m [2m:[0;39m listQuestion - 호출
[2m2021-11-25 14:32:04.037[0;39m [32m INFO[0;39m [35m6168[0;39m [2m---[0;39m [2m[nio-9999-exec-6][0;39m [36mc.s.vue.controller.HouseMapController   [0;39m [2m:[0;39m sido - 호출
[2m2021-11-25 14:32:05.408[0;39m [32m INFO[0;39m [35m6168[0;39m [2m---[0;39m [2m[nio-9999-exec-7][0;39m [36mc.s.vue.controller.HouseMapController   [0;39m [2m:[0;39m sido - 호출
[2m2021-11-25 14:32:06.656[0;39m [32m INFO[0;39m [35m6168[0;39m [2m---[0;39m [2m[nio-9999-exec-8][0;39m [36mc.s.vue.controller.HouseMapController   [0;39m [2m:[0;39m gugun - 호출
[2m2021-11-25 14:32:38.063[0;39m [32m INFO[0;39m [35m6168[0;39m [2m---[0;39m [2m[io-9999-exec-10][0;39m [36mc.s.vue.controller.QuestionController   [0;39m [2m:[0;39m listQuestion - 호출
[2m2021-11-25 14:32:38.632[0;39m [32m INFO[0;39m [35m6168[0;39m [2m---[0;39m [2m[nio-9999-exec-1][0;39m [36mc.s.vue.controller.HouseMapController   [0;39m [2m:[0;39m sido - 호출
[2m2021-11-25 14:32:40.857[0;39m [32m INFO[0;39m [35m6168[0;39m [2m---[0;39m [2m[nio-9999-exec-2][0;39m [36mc.ssafy.vue.controller.BoardController  [0;39m [2m:[0;39m listArticle - 호출
[2m2021-11-25 14:32:50.789[0;39m [32m INFO[0;39m [35m6168[0;39m [2m---[0;39m [2m[nio-9999-exec-4][0;39m [36mc.ssafy.vue.controller.BoardController  [0;39m [2m:[0;39m listArticle - 호출
[2m2021-11-25 14:32:52.139[0;39m [32m INFO[0;39m [35m6168[0;39m [2m---[0;39m [2m[nio-9999-exec-5][0;39m [36mc.s.vue.controller.HouseMapController   [0;39m [2m:[0;39m sido - 호출
[2m2021-11-25 14:32:52.999[0;39m [32m INFO[0;39m [35m6168[0;39m [2m---[0;39m [2m[nio-9999-exec-7][0;39m [36mc.s.vue.controller.QuestionController   [0;39m [2m:[0;39m listQuestion - 호출
[2m2021-11-25 14:32:54.051[0;39m [32m INFO[0;39m [35m6168[0;39m [2m---[0;39m [2m[nio-9999-exec-8][0;39m [36mc.s.vue.controller.HouseMapController   [0;39m [2m:[0;39m sido - 호출
[2m2021-11-25 14:32:58.567[0;39m [32m INFO[0;39m [35m6168[0;39m [2m---[0;39m [2m[nio-9999-exec-9][0;39m [36mc.s.vue.controller.HouseMapController   [0;39m [2m:[0;39m gugun - 호출
[2m2021-11-25 14:33:04.954[0;39m [32m INFO[0;39m [35m6168[0;39m [2m---[0;39m [2m[nio-9999-exec-1][0;39m [36mc.s.vue.controller.HouseMapController   [0;39m [2m:[0;39m sido - 호출
[2m2021-11-25 14:33:17.113[0;39m [32m INFO[0;39m [35m6168[0;39m [2m---[0;39m [2m[nio-9999-exec-3][0;39m [36mc.s.vue.controller.HouseMapController   [0;39m [2m:[0;39m gugun - 호출
[2m2021-11-25 14:33:26.425[0;39m [32m INFO[0;39m [35m6168[0;39m [2m---[0;39m [2m[nio-9999-exec-5][0;39m [36mc.ssafy.vue.controller.BoardController  [0;39m [2m:[0;39m listArticle - 호출
[2m2021-11-25 14:33:31.152[0;39m [32m INFO[0;39m [35m6168[0;39m [2m---[0;39m [2m[nio-9999-exec-7][0;39m [36mc.ssafy.vue.controller.BoardController  [0;39m [2m:[0;39m writeArticle - 호출
[2m2021-11-25 14:33:32.096[0;39m [32m INFO[0;39m [35m6168[0;39m [2m---[0;39m [2m[nio-9999-exec-8][0;39m [36mc.ssafy.vue.controller.BoardController  [0;39m [2m:[0;39m listArticle - 호출
[2m2021-11-25 14:33:35.780[0;39m [32m INFO[0;39m [35m6168[0;39m [2m---[0;39m [2m[io-9999-exec-10][0;39m [36mc.ssafy.vue.controller.BoardController  [0;39m [2m:[0;39m getArticle - 호출 : 7
[2m2021-11-25 14:33:36.869[0;39m [32m INFO[0;39m [35m6168[0;39m [2m---[0;39m [2m[nio-9999-exec-1][0;39m [36mc.ssafy.vue.controller.BoardController  [0;39m [2m:[0;39m getArticle - 호출 : 7
[2m2021-11-25 14:33:38.909[0;39m [32m INFO[0;39m [35m6168[0;39m [2m---[0;39m [2m[nio-9999-exec-2][0;39m [36mc.ssafy.vue.controller.BoardController  [0;39m [2m:[0;39m modifyArticle - 호출
[2m2021-11-25 14:33:40.256[0;39m [32m INFO[0;39m [35m6168[0;39m [2m---[0;39m [2m[nio-9999-exec-3][0;39m [36mc.ssafy.vue.controller.BoardController  [0;39m [2m:[0;39m listArticle - 호출
[2m2021-11-25 14:33:42.765[0;39m [32m INFO[0;39m [35m6168[0;39m [2m---[0;39m [2m[nio-9999-exec-4][0;39m [36mc.ssafy.vue.controller.BoardController  [0;39m [2m:[0;39m getArticle - 호출 : 7
[2m2021-11-25 14:33:46.665[0;39m [32mDEBUG[0;39m [35m6168[0;39m [2m---[0;39m [2m[nio-9999-exec-7][0;39m [36mc.s.v.c.BoardCommentRestController      [0;39m [2m:[0;39m createComment - 호출
[2m2021-11-25 14:33:46.700[0;39m [32mDEBUG[0;39m [35m6168[0;39m [2m---[0;39m [2m[nio-9999-exec-8][0;39m [36mc.s.v.c.BoardCommentRestController      [0;39m [2m:[0;39m listComment - 호출
[2m2021-11-25 14:33:49.708[0;39m [32mDEBUG[0;39m [35m6168[0;39m [2m---[0;39m [2m[nio-9999-exec-9][0;39m [36mc.s.v.c.BoardCommentRestController      [0;39m [2m:[0;39m createComment - 호출
[2m2021-11-25 14:33:49.745[0;39m [32mDEBUG[0;39m [35m6168[0;39m [2m---[0;39m [2m[io-9999-exec-10][0;39m [36mc.s.v.c.BoardCommentRestController      [0;39m [2m:[0;39m listComment - 호출
[2m2021-11-25 14:33:52.767[0;39m [32m INFO[0;39m [35m6168[0;39m [2m---[0;39m [2m[nio-9999-exec-2][0;39m [36mc.ssafy.vue.controller.BoardController  [0;39m [2m:[0;39m deleteArticle - 호출
[2m2021-11-25 14:33:52.821[0;39m [32m INFO[0;39m [35m6168[0;39m [2m---[0;39m [2m[nio-9999-exec-3][0;39m [36mc.ssafy.vue.controller.BoardController  [0;39m [2m:[0;39m listArticle - 호출
[2m2021-11-25 14:40:46.440[0;39m [32m INFO[0;39m [35m6168[0;39m [2m---[0;39m [2m[  restartedMain][0;39m [36mo.s.b.w.embedded.tomcat.TomcatWebServer [0;39m [2m:[0;39m Tomcat initialized with port(s): 9999 (http)
[2m2021-11-25 14:40:46.450[0;39m [32m INFO[0;39m [35m6168[0;39m [2m---[0;39m [2m[  restartedMain][0;39m [36mw.s.c.ServletWebServerApplicationContext[0;39m [2m:[0;39m Root WebApplicationContext: initialization completed in 586 ms
[2m2021-11-25 14:40:46.690[0;39m [32m INFO[0;39m [35m6168[0;39m [2m---[0;39m [2m[  restartedMain][0;39m [36mo.s.b.d.a.OptionalLiveReloadServer      [0;39m [2m:[0;39m LiveReload server is running on port 35729
[2m2021-11-25 14:40:46.764[0;39m [32m INFO[0;39m [35m6168[0;39m [2m---[0;39m [2m[  restartedMain][0;39m [36mo.s.b.w.embedded.tomcat.TomcatWebServer [0;39m [2m:[0;39m Tomcat started on port(s): 9999 (http) with context path '/vue'
[2m2021-11-25 14:40:46.915[0;39m [32m INFO[0;39m [35m6168[0;39m [2m---[0;39m [2m[  restartedMain][0;39m [36m.ConditionEvaluationDeltaLoggingListener[0;39m [2m:[0;39m Condition evaluation unchanged
[2m2021-11-25 14:41:13.816[0;39m [32m INFO[0;39m [35m6168[0;39m [2m---[0;39m [2m[  restartedMain][0;39m [36mo.s.b.w.embedded.tomcat.TomcatWebServer [0;39m [2m:[0;39m Tomcat initialized with port(s): 9999 (http)
[2m2021-11-25 14:41:13.831[0;39m [32m INFO[0;39m [35m6168[0;39m [2m---[0;39m [2m[  restartedMain][0;39m [36mw.s.c.ServletWebServerApplicationContext[0;39m [2m:[0;39m Root WebApplicationContext: initialization completed in 526 ms
[2m2021-11-25 14:41:13.928[0;39m [33m WARN[0;39m [35m6168[0;39m [2m---[0;39m [2m[  restartedMain][0;39m [36mConfigServletWebServerApplicationContext[0;39m [2m:[0;39m Exception encountered during context initialization - cancelling refresh attempt: org.springframework.beans.factory.BeanCreationException: Error creating bean with name 'memberController' defined in file [C:\Users\speer\OneDrive\바탕 화면\관통프로젝트\211125_happyhouse_java_-_06_YJJ_LNS\VueAPI4\target\classes\com\ssafy\vue\controller\MemberController.class]: Instantiation of bean failed; nested exception is org.springframework.beans.BeanInstantiationException: Failed to instantiate [com.ssafy.vue.controller.MemberController]: Constructor threw exception; nested exception is java.lang.Error: Unresolved compilation problems: 
	The import com.ssafy.vue.model.service.MemberService cannot be resolved
	MemberService cannot be resolved to a type
	MemberService cannot be resolved to a type
	MemberService cannot be resolved to a type
	MemberService cannot be resolved to a type
	MemberService cannot be resolved to a type
	MemberService cannot be resolved to a type

[2m2021-11-25 14:41:13.935[0;39m [32m INFO[0;39m [35m6168[0;39m [2m---[0;39m [2m[  restartedMain][0;39m [36mConditionEvaluationReportLoggingListener[0;39m [2m:[0;39m 

Error starting ApplicationContext. To display the conditions report re-run your application with 'debug' enabled.
[2m2021-11-25 14:41:13.961[0;39m [31mERROR[0;39m [35m6168[0;39m [2m---[0;39m [2m[  restartedMain][0;39m [36mo.s.boot.SpringApplication              [0;39m [2m:[0;39m Application run failed

org.springframework.beans.factory.BeanCreationException: Error creating bean with name 'memberController' defined in file [C:\Users\speer\OneDrive\바탕 화면\관통프로젝트\211125_happyhouse_java_-_06_YJJ_LNS\VueAPI4\target\classes\com\ssafy\vue\controller\MemberController.class]: Instantiation of bean failed; nested exception is org.springframework.beans.BeanInstantiationException: Failed to instantiate [com.ssafy.vue.controller.MemberController]: Constructor threw exception; nested exception is java.lang.Error: Unresolved compilation problems: 
	The import com.ssafy.vue.model.service.MemberService cannot be resolved
	MemberService cannot be resolved to a type
	MemberService cannot be resolved to a type
	MemberService cannot be resolved to a type
	MemberService cannot be resolved to a type
	MemberService cannot be resolved to a type
	MemberService cannot be resolved to a type

	at org.springframework.beans.factory.support.AbstractAutowireCapableBeanFactory.instantiateBean(AbstractAutowireCapableBeanFactory.java:1334)
	at org.springframework.beans.factory.support.AbstractAutowireCapableBeanFactory.createBeanInstance(AbstractAutowireCapableBeanFactory.java:1232)
	at org.springframework.beans.factory.support.AbstractAutowireCapableBeanFactory.doCreateBean(AbstractAutowireCapableBeanFactory.java:582)
	at org.springframework.beans.factory.support.AbstractAutowireCapableBeanFactory.createBean(AbstractAutowireCapableBeanFactory.java:542)
	at org.springframework.beans.factory.support.AbstractBeanFactory.lambda$doGetBean$0(AbstractBeanFactory.java:335)
	at org.springframework.beans.factory.support.AbstractBeanFactory$$Lambda$218/412436717.getObject(Unknown Source)
	at org.springframework.beans.factory.support.DefaultSingletonBeanRegistry.getSingleton(DefaultSingletonBeanRegistry.java:234)
	at org.springframework.beans.factory.support.AbstractBeanFactory.doGetBean(AbstractBeanFactory.java:333)
	at org.springframework.beans.factory.support.AbstractBeanFactory.getBean(AbstractBeanFactory.java:208)
	at org.springframework.beans.factory.support.DefaultListableBeanFactory.preInstantiateSingletons(DefaultListableBeanFactory.java:944)
	at org.springframework.context.support.AbstractApplicationContext.finishBeanFactoryInitialization(AbstractApplicationContext.java:918)
	at org.springframework.context.support.AbstractApplicationContext.refresh(AbstractApplicationContext.java:583)
	at org.springframework.boot.web.servlet.context.ServletWebServerApplicationContext.refresh(ServletWebServerApplicationContext.java:145)
	at org.springframework.boot.SpringApplication.refresh(SpringApplication.java:754)
	at org.springframework.boot.SpringApplication.refreshContext(SpringApplication.java:434)
	at org.springframework.boot.SpringApplication.run(SpringApplication.java:338)
	at org.springframework.boot.SpringApplication.run(SpringApplication.java:1343)
	at org.springframework.boot.SpringApplication.run(SpringApplication.java:1332)
	at com.ssafy.vue.VueApi4Application.main(VueApi4Application.java:10)
	at sun.reflect.NativeMethodAccessorImpl.invoke0(Native Method)
	at sun.reflect.NativeMethodAccessorImpl.invoke(Unknown Source)
	at sun.reflect.DelegatingMethodAccessorImpl.invoke(Unknown Source)
	at java.lang.reflect.Method.invoke(Unknown Source)
	at org.springframework.boot.devtools.restart.RestartLauncher.run(RestartLauncher.java:49)
Caused by: org.springframework.beans.BeanInstantiationException: Failed to instantiate [com.ssafy.vue.controller.MemberController]: Constructor threw exception; nested exception is java.lang.Error: Unresolved compilation problems: 
	The import com.ssafy.vue.model.service.MemberService cannot be resolved
	MemberService cannot be resolved to a type
	MemberService cannot be resolved to a type
	MemberService cannot be resolved to a type
	MemberService cannot be resolved to a type
	MemberService cannot be resolved to a type
	MemberService cannot be resolved to a type

	at org.springframework.beans.BeanUtils.instantiateClass(BeanUtils.java:224)
	at org.springframework.beans.factory.support.SimpleInstantiationStrategy.instantiate(SimpleInstantiationStrategy.java:87)
	at org.springframework.beans.factory.support.AbstractAutowireCapableBeanFactory.instantiateBean(AbstractAutowireCapableBeanFactory.java:1326)
	... 23 common frames omitted
Caused by: java.lang.Error: Unresolved compilation problems: 
	The import com.ssafy.vue.model.service.MemberService cannot be resolved
	MemberService cannot be resolved to a type
	MemberService cannot be resolved to a type
	MemberService cannot be resolved to a type
	MemberService cannot be resolved to a type
	MemberService cannot be resolved to a type
	MemberService cannot be resolved to a type

	at com.ssafy.vue.controller.MemberController.<init>(MemberController.java:24)
	at sun.reflect.NativeConstructorAccessorImpl.newInstance0(Native Method)
	at sun.reflect.NativeConstructorAccessorImpl.newInstance(Unknown Source)
	at sun.reflect.DelegatingConstructorAccessorImpl.newInstance(Unknown Source)
	at java.lang.reflect.Constructor.newInstance(Unknown Source)
	at org.springframework.beans.BeanUtils.instantiateClass(BeanUtils.java:211)
	... 25 common frames omitted

[2m2021-11-25 14:41:28.552[0;39m [32m INFO[0;39m [35m6168[0;39m [2m---[0;39m [2m[  restartedMain][0;39m [36mo.s.b.w.embedded.tomcat.TomcatWebServer [0;39m [2m:[0;39m Tomcat initialized with port(s): 9999 (http)
[2m2021-11-25 14:41:28.570[0;39m [32m INFO[0;39m [35m6168[0;39m [2m---[0;39m [2m[  restartedMain][0;39m [36mw.s.c.ServletWebServerApplicationContext[0;39m [2m:[0;39m Root WebApplicationContext: initialization completed in 631 ms
[2m2021-11-25 14:41:28.841[0;39m [32m INFO[0;39m [35m6168[0;39m [2m---[0;39m [2m[  restartedMain][0;39m [36mo.s.b.d.a.OptionalLiveReloadServer      [0;39m [2m:[0;39m LiveReload server is running on port 35729
[2m2021-11-25 14:41:28.957[0;39m [32m INFO[0;39m [35m6168[0;39m [2m---[0;39m [2m[  restartedMain][0;39m [36mo.s.b.w.embedded.tomcat.TomcatWebServer [0;39m [2m:[0;39m Tomcat started on port(s): 9999 (http) with context path '/vue'
[2m2021-11-25 14:41:29.059[0;39m [32m INFO[0;39m [35m6168[0;39m [2m---[0;39m [2m[  restartedMain][0;39m [36m.ConditionEvaluationDeltaLoggingListener[0;39m [2m:[0;39m Condition evaluation unchanged
[2m2021-11-25 14:41:36.388[0;39m [32m INFO[0;39m [35m6168[0;39m [2m---[0;39m [2m[  restartedMain][0;39m [36mo.s.b.w.embedded.tomcat.TomcatWebServer [0;39m [2m:[0;39m Tomcat initialized with port(s): 9999 (http)
[2m2021-11-25 14:41:36.403[0;39m [32m INFO[0;39m [35m6168[0;39m [2m---[0;39m [2m[  restartedMain][0;39m [36mw.s.c.ServletWebServerApplicationContext[0;39m [2m:[0;39m Root WebApplicationContext: initialization completed in 419 ms
[2m2021-11-25 14:41:36.620[0;39m [32m INFO[0;39m [35m6168[0;39m [2m---[0;39m [2m[  restartedMain][0;39m [36mo.s.b.d.a.OptionalLiveReloadServer      [0;39m [2m:[0;39m LiveReload server is running on port 35729
[2m2021-11-25 14:41:36.700[0;39m [32m INFO[0;39m [35m6168[0;39m [2m---[0;39m [2m[  restartedMain][0;39m [36mo.s.b.w.embedded.tomcat.TomcatWebServer [0;39m [2m:[0;39m Tomcat started on port(s): 9999 (http) with context path '/vue'
[2m2021-11-25 14:41:36.760[0;39m [32m INFO[0;39m [35m6168[0;39m [2m---[0;39m [2m[  restartedMain][0;39m [36m.ConditionEvaluationDeltaLoggingListener[0;39m [2m:[0;39m Condition evaluation unchanged
[2m2021-11-25 14:42:46.061[0;39m [32m INFO[0;39m [35m6168[0;39m [2m---[0;39m [2m[on(2)-127.0.0.1][0;39m [36minMXBeanRegistrar$SpringApplicationAdmin[0;39m [2m:[0;39m Application shutdown requested.
[2m2021-11-25 14:43:00.640[0;39m [32m INFO[0;39m [35m21100[0;39m [2m---[0;39m [2m[  restartedMain][0;39m [36m.e.DevToolsPropertyDefaultsPostProcessor[0;39m [2m:[0;39m Devtools property defaults active! Set 'spring.devtools.add-properties' to 'false' to disable
[2m2021-11-25 14:43:00.642[0;39m [32m INFO[0;39m [35m21100[0;39m [2m---[0;39m [2m[  restartedMain][0;39m [36m.e.DevToolsPropertyDefaultsPostProcessor[0;39m [2m:[0;39m For additional web related logging consider setting the 'logging.level.web' property to 'DEBUG'
[2m2021-11-25 14:43:02.041[0;39m [32m INFO[0;39m [35m21100[0;39m [2m---[0;39m [2m[  restartedMain][0;39m [36mo.s.b.w.embedded.tomcat.TomcatWebServer [0;39m [2m:[0;39m Tomcat initialized with port(s): 9999 (http)
[2m2021-11-25 14:43:02.111[0;39m [32m INFO[0;39m [35m21100[0;39m [2m---[0;39m [2m[  restartedMain][0;39m [36mw.s.c.ServletWebServerApplicationContext[0;39m [2m:[0;39m Root WebApplicationContext: initialization completed in 1468 ms
[2m2021-11-25 14:43:02.909[0;39m [32m INFO[0;39m [35m21100[0;39m [2m---[0;39m [2m[  restartedMain][0;39m [36mo.s.b.d.a.OptionalLiveReloadServer      [0;39m [2m:[0;39m LiveReload server is running on port 35729
[2m2021-11-25 14:43:03.245[0;39m [32m INFO[0;39m [35m21100[0;39m [2m---[0;39m [2m[  restartedMain][0;39m [36mo.s.b.w.embedded.tomcat.TomcatWebServer [0;39m [2m:[0;39m Tomcat started on port(s): 9999 (http) with context path '/vue'
[2m2021-11-25 14:43:31.729[0;39m [32m INFO[0;39m [35m21100[0;39m [2m---[0;39m [2m[nio-9999-exec-1][0;39m [36mo.s.web.servlet.DispatcherServlet       [0;39m [2m:[0;39m Initializing Servlet 'dispatcherServlet'
[2m2021-11-25 14:43:31.732[0;39m [32m INFO[0;39m [35m21100[0;39m [2m---[0;39m [2m[nio-9999-exec-1][0;39m [36mo.s.web.servlet.DispatcherServlet       [0;39m [2m:[0;39m Completed initialization in 2 ms
[2m2021-11-25 14:44:06.314[0;39m [32m INFO[0;39m [35m21100[0;39m [2m---[0;39m [2m[io-9999-exec-10][0;39m [36mc.ssafy.vue.controller.BoardController  [0;39m [2m:[0;39m listArticle - 호출
[2m2021-11-25 14:44:12.318[0;39m [32m INFO[0;39m [35m21100[0;39m [2m---[0;39m [2m[nio-9999-exec-1][0;39m [36mc.ssafy.vue.controller.BoardController  [0;39m [2m:[0;39m listArticle - 호출
[2m2021-11-25 14:44:13.770[0;39m [32m INFO[0;39m [35m21100[0;39m [2m---[0;39m [2m[nio-9999-exec-2][0;39m [36mc.s.vue.controller.HouseMapController   [0;39m [2m:[0;39m sido - 호출
[2m2021-11-25 14:44:20.090[0;39m [32m INFO[0;39m [35m21100[0;39m [2m---[0;39m [2m[nio-9999-exec-3][0;39m [36mc.s.vue.controller.HouseMapController   [0;39m [2m:[0;39m sido - 호출
[2m2021-11-25 14:44:21.474[0;39m [32m INFO[0;39m [35m21100[0;39m [2m---[0;39m [2m[nio-9999-exec-4][0;39m [36mc.s.vue.controller.HouseMapController   [0;39m [2m:[0;39m gugun - 호출
[2m2021-11-25 14:44:28.714[0;39m [32m INFO[0;39m [35m21100[0;39m [2m---[0;39m [2m[nio-9999-exec-5][0;39m [36mc.s.vue.controller.HouseMapController   [0;39m [2m:[0;39m gugun - 호출
[2m2021-11-25 14:44:31.359[0;39m [32m INFO[0;39m [35m21100[0;39m [2m---[0;39m [2m[nio-9999-exec-6][0;39m [36mc.s.vue.controller.HouseMapController   [0;39m [2m:[0;39m gugun - 호출
[2m2021-11-25 14:45:05.599[0;39m [32m INFO[0;39m [35m21100[0;39m [2m---[0;39m [2m[nio-9999-exec-7][0;39m [36mc.s.vue.controller.HouseMapController   [0;39m [2m:[0;39m sido - 호출
[2m2021-11-25 14:45:10.453[0;39m [32m INFO[0;39m [35m21100[0;39m [2m---[0;39m [2m[nio-9999-exec-8][0;39m [36mc.s.vue.controller.HouseMapController   [0;39m [2m:[0;39m gugun - 호출
[2m2021-11-25 14:46:15.993[0;39m [32m INFO[0;39m [35m21100[0;39m [2m---[0;39m [2m[io-9999-exec-10][0;39m [36mc.s.vue.controller.HouseMapController   [0;39m [2m:[0;39m gugun - 호출
[2m2021-11-25 14:47:05.430[0;39m [32m INFO[0;39m [35m21100[0;39m [2m---[0;39m [2m[nio-9999-exec-1][0;39m [36mc.s.vue.controller.HouseMapController   [0;39m [2m:[0;39m sido - 호출
[2m2021-11-25 14:47:08.901[0;39m [32m INFO[0;39m [35m21100[0;39m [2m---[0;39m [2m[nio-9999-exec-2][0;39m [36mc.s.vue.controller.HouseMapController   [0;39m [2m:[0;39m sido - 호출
[2m2021-11-25 14:48:10.737[0;39m [32m INFO[0;39m [35m21100[0;39m [2m---[0;39m [2m[nio-9999-exec-4][0;39m [36mc.s.vue.controller.HouseMapController   [0;39m [2m:[0;39m sido - 호출
[2m2021-11-25 14:49:55.866[0;39m [32m INFO[0;39m [35m21100[0;39m [2m---[0;39m [2m[nio-9999-exec-6][0;39m [36mc.s.vue.controller.HouseMapController   [0;39m [2m:[0;39m sido - 호출
[2m2021-11-25 14:50:43.880[0;39m [32m INFO[0;39m [35m21100[0;39m [2m---[0;39m [2m[nio-9999-exec-8][0;39m [36mc.s.vue.controller.HouseMapController   [0;39m [2m:[0;39m sido - 호출
[2m2021-11-25 14:52:17.272[0;39m [32m INFO[0;39m [35m21100[0;39m [2m---[0;39m [2m[io-9999-exec-10][0;39m [36mc.s.vue.controller.HouseMapController   [0;39m [2m:[0;39m sido - 호출
[2m2021-11-25 14:55:43.524[0;39m [32m INFO[0;39m [35m21100[0;39m [2m---[0;39m [2m[nio-9999-exec-2][0;39m [36mc.s.vue.controller.HouseMapController   [0;39m [2m:[0;39m sido - 호출
[2m2021-11-25 14:57:47.209[0;39m [32m INFO[0;39m [35m21100[0;39m [2m---[0;39m [2m[nio-9999-exec-4][0;39m [36mc.ssafy.vue.controller.BoardController  [0;39m [2m:[0;39m listArticle - 호출
[2m2021-11-25 14:57:48.491[0;39m [32m INFO[0;39m [35m21100[0;39m [2m---[0;39m [2m[nio-9999-exec-5][0;39m [36mc.s.vue.controller.HouseMapController   [0;39m [2m:[0;39m sido - 호출
[2m2021-11-25 14:58:10.299[0;39m [32m INFO[0;39m [35m21100[0;39m [2m---[0;39m [2m[nio-9999-exec-7][0;39m [36mc.s.vue.controller.HouseMapController   [0;39m [2m:[0;39m sido - 호출
[2m2021-11-25 14:59:01.316[0;39m [32m INFO[0;39m [35m21100[0;39m [2m---[0;39m [2m[nio-9999-exec-9][0;39m [36mc.s.vue.controller.HouseMapController   [0;39m [2m:[0;39m sido - 호출
[2m2021-11-25 14:59:38.843[0;39m [32m INFO[0;39m [35m21100[0;39m [2m---[0;39m [2m[nio-9999-exec-1][0;39m [36mc.s.vue.controller.HouseMapController   [0;39m [2m:[0;39m sido - 호출
[2m2021-11-25 16:20:51.532[0;39m [32m INFO[0;39m [35m21100[0;39m [2m---[0;39m [2m[nio-9999-exec-3][0;39m [36mc.s.vue.controller.HouseMapController   [0;39m [2m:[0;39m sido - 호출
[2m2021-11-25 17:07:35.813[0;39m [32m INFO[0;39m [35m21100[0;39m [2m---[0;39m [2m[nio-9999-exec-5][0;39m [36mc.ssafy.vue.controller.BoardController  [0;39m [2m:[0;39m listArticle - 호출
[2m2021-11-25 17:07:37.136[0;39m [32m INFO[0;39m [35m21100[0;39m [2m---[0;39m [2m[nio-9999-exec-6][0;39m [36mc.s.vue.controller.HouseMapController   [0;39m [2m:[0;39m sido - 호출
[2m2021-11-25 17:07:39.876[0;39m [32m INFO[0;39m [35m21100[0;39m [2m---[0;39m [2m[nio-9999-exec-7][0;39m [36mc.s.vue.controller.HouseMapController   [0;39m [2m:[0;39m sido - 호출
[2m2021-11-25 17:07:43.453[0;39m [32m INFO[0;39m [35m21100[0;39m [2m---[0;39m [2m[nio-9999-exec-8][0;39m [36mc.s.vue.controller.HouseMapController   [0;39m [2m:[0;39m sido - 호출
[2m2021-11-25 17:07:46.694[0;39m [32m INFO[0;39m [35m21100[0;39m [2m---[0;39m [2m[nio-9999-exec-9][0;39m [36mc.s.vue.controller.HouseMapController   [0;39m [2m:[0;39m sido - 호출
[2m2021-11-25 17:07:48.818[0;39m [32m INFO[0;39m [35m21100[0;39m [2m---[0;39m [2m[io-9999-exec-10][0;39m [36mc.s.vue.controller.HouseMapController   [0;39m [2m:[0;39m sido - 호출
[2m2021-11-25 17:07:51.109[0;39m [32m INFO[0;39m [35m21100[0;39m [2m---[0;39m [2m[nio-9999-exec-1][0;39m [36mc.s.vue.controller.HouseMapController   [0;39m [2m:[0;39m sido - 호출
[2m2021-11-25 17:07:52.515[0;39m [32m INFO[0;39m [35m21100[0;39m [2m---[0;39m [2m[nio-9999-exec-2][0;39m [36mc.s.vue.controller.HouseMapController   [0;39m [2m:[0;39m gugun - 호출
[2m2021-11-25 17:08:14.791[0;39m [32m INFO[0;39m [35m21100[0;39m [2m---[0;39m [2m[nio-9999-exec-3][0;39m [36mc.s.vue.controller.HouseMapController   [0;39m [2m:[0;39m sido - 호출
